This is XeTeX, Version 3.14159265-2.6-0.999991 (TeX Live 2019/Debian) (preloaded format=xelatex 2022.5.11)  7 JUL 2022 00:00
entering extended mode
 restricted \write18 enabled.
 %&-line parsing enabled.
**kribbr2022.tex
(./kribbr2022.tex
LaTeX2e <2020-02-02> patch level 2
L3 programming layer <2020-02-14> (/usr/share/texlive/texmf-dist/tex/latex/base
/book.cls
Document Class: book 2019/12/20 v1.4l Standard LaTeX document class
(/usr/share/texlive/texmf-dist/tex/latex/base/bk10.clo
File: bk10.clo 2019/12/20 v1.4l Standard LaTeX file (size option)
)
\c@part=\count163
\c@chapter=\count164
\c@section=\count165
\c@subsection=\count166
\c@subsubsection=\count167
\c@paragraph=\count168
\c@subparagraph=\count169
\c@figure=\count170
\c@table=\count171
\abovecaptionskip=\skip47
\belowcaptionskip=\skip48
\bibindent=\dimen134
) (/usr/share/texlive/texmf-dist/tex/latex/amsmath/amsmath.sty
Package: amsmath 2020/01/20 v2.17e AMS math features
\@mathmargin=\skip49
For additional information on amsmath, use the `?' option.
(/usr/share/texlive/texmf-dist/tex/latex/amsmath/amstext.sty
Package: amstext 2000/06/29 v2.01 AMS text
(/usr/share/texlive/texmf-dist/tex/latex/amsmath/amsgen.sty
File: amsgen.sty 1999/11/30 v2.0 generic functions
\@emptytoks=\toks14
\ex@=\dimen135
)) (/usr/share/texlive/texmf-dist/tex/latex/amsmath/amsbsy.sty
Package: amsbsy 1999/11/29 v1.2d Bold Symbols
\pmbraise@=\dimen136
) (/usr/share/texlive/texmf-dist/tex/latex/amsmath/amsopn.sty
Package: amsopn 2016/03/08 v2.02 operator names
)
\inf@bad=\count172
LaTeX Info: Redefining \frac on input line 227.
\uproot@=\count173
\leftroot@=\count174
LaTeX Info: Redefining \overline on input line 389.
\classnum@=\count175
\DOTSCASE@=\count176
LaTeX Info: Redefining \ldots on input line 486.
LaTeX Info: Redefining \dots on input line 489.
LaTeX Info: Redefining \cdots on input line 610.
\Mathstrutbox@=\box45
\strutbox@=\box46
\big@size=\dimen137
LaTeX Font Info:    Redeclaring font encoding OML on input line 733.
LaTeX Font Info:    Redeclaring font encoding OMS on input line 734.
\macc@depth=\count177
\c@MaxMatrixCols=\count178
\dotsspace@=\muskip16
\c@parentequation=\count179
\dspbrk@lvl=\count180
\tag@help=\toks15
\row@=\count181
\column@=\count182
\maxfields@=\count183
\andhelp@=\toks16
\eqnshift@=\dimen138
\alignsep@=\dimen139
\tagshift@=\dimen140
\tagwidth@=\dimen141
\totwidth@=\dimen142
\lineht@=\dimen143
\@envbody=\toks17
\multlinegap=\skip50
\multlinetaggap=\skip51
\mathdisplay@stack=\toks18
LaTeX Info: Redefining \[ on input line 2859.
LaTeX Info: Redefining \] on input line 2860.
) (/usr/share/texlive/texmf-dist/tex/latex/amsfonts/amssymb.sty
Package: amssymb 2013/01/14 v3.01 AMS font symbols
(/usr/share/texlive/texmf-dist/tex/latex/amsfonts/amsfonts.sty
Package: amsfonts 2013/01/14 v3.01 Basic AMSFonts support
\symAMSa=\mathgroup4
\symAMSb=\mathgroup5
LaTeX Font Info:    Redeclaring math symbol \hbar on input line 98.
LaTeX Font Info:    Overwriting math alphabet `\mathfrak' in version `bold'
(Font)                  U/euf/m/n --> U/euf/b/n on input line 106.
)) (/usr/share/texmf/tex/latex/lm/lmodern.sty
Package: lmodern 2009/10/30 v1.6 Latin Modern Fonts
LaTeX Font Info:    Overwriting symbol font `operators' in version `normal'
(Font)                  OT1/cmr/m/n --> OT1/lmr/m/n on input line 22.
LaTeX Font Info:    Overwriting symbol font `letters' in version `normal'
(Font)                  OML/cmm/m/it --> OML/lmm/m/it on input line 23.
LaTeX Font Info:    Overwriting symbol font `symbols' in version `normal'
(Font)                  OMS/cmsy/m/n --> OMS/lmsy/m/n on input line 24.
LaTeX Font Info:    Overwriting symbol font `largesymbols' in version `normal'
(Font)                  OMX/cmex/m/n --> OMX/lmex/m/n on input line 25.
LaTeX Font Info:    Overwriting symbol font `operators' in version `bold'
(Font)                  OT1/cmr/bx/n --> OT1/lmr/bx/n on input line 26.
LaTeX Font Info:    Overwriting symbol font `letters' in version `bold'
(Font)                  OML/cmm/b/it --> OML/lmm/b/it on input line 27.
LaTeX Font Info:    Overwriting symbol font `symbols' in version `bold'
(Font)                  OMS/cmsy/b/n --> OMS/lmsy/b/n on input line 28.
LaTeX Font Info:    Overwriting symbol font `largesymbols' in version `bold'
(Font)                  OMX/cmex/m/n --> OMX/lmex/m/n on input line 29.
LaTeX Font Info:    Overwriting math alphabet `\mathbf' in version `normal'
(Font)                  OT1/cmr/bx/n --> OT1/lmr/bx/n on input line 31.
LaTeX Font Info:    Overwriting math alphabet `\mathsf' in version `normal'
(Font)                  OT1/cmss/m/n --> OT1/lmss/m/n on input line 32.
LaTeX Font Info:    Overwriting math alphabet `\mathit' in version `normal'
(Font)                  OT1/cmr/m/it --> OT1/lmr/m/it on input line 33.
LaTeX Font Info:    Overwriting math alphabet `\mathtt' in version `normal'
(Font)                  OT1/cmtt/m/n --> OT1/lmtt/m/n on input line 34.
LaTeX Font Info:    Overwriting math alphabet `\mathbf' in version `bold'
(Font)                  OT1/cmr/bx/n --> OT1/lmr/bx/n on input line 35.
LaTeX Font Info:    Overwriting math alphabet `\mathsf' in version `bold'
(Font)                  OT1/cmss/bx/n --> OT1/lmss/bx/n on input line 36.
LaTeX Font Info:    Overwriting math alphabet `\mathit' in version `bold'
(Font)                  OT1/cmr/bx/it --> OT1/lmr/bx/it on input line 37.
LaTeX Font Info:    Overwriting math alphabet `\mathtt' in version `bold'
(Font)                  OT1/cmtt/m/n --> OT1/lmtt/m/n on input line 38.
) (/usr/share/texlive/texmf-dist/tex/generic/iftex/iftex.sty
Package: iftex 2019/11/07 v1.0c TeX engine tests
) (/usr/share/texlive/texmf-dist/tex/latex/unicode-math/unicode-math.sty (/usr/
share/texlive/texmf-dist/tex/latex/l3kernel/expl3.sty
Package: expl3 2020-02-14 L3 programming layer (loader) 
(/usr/share/texlive/texmf-dist/tex/latex/l3backend/l3backend-xdvipdfmx.def
File: l3backend-xdvipdfmx.def 2020-02-03 L3 backend support: xdvipdfmx
\g__graphics_track_int=\count184
\l__pdf_internal_box=\box47
\g__pdf_backend_object_int=\count185
\g__pdf_backend_annotation_int=\count186
))
Package: unicode-math 2020/01/31 v0.8q Unicode maths in XeLaTeX and LuaLaTeX
(/usr/share/texlive/texmf-dist/tex/latex/unicode-math/unicode-math-xetex.sty
Package: unicode-math-xetex 2020/01/31 v0.8q Unicode maths in XeLaTeX and LuaLa
TeX
(/usr/share/texlive/texmf-dist/tex/latex/l3packages/xparse/xparse.sty
Package: xparse 2020-02-14 L3 Experimental document command parser
\l__xparse_current_arg_int=\count187
\g__xparse_grabber_int=\count188
\l__xparse_m_args_int=\count189
\l__xparse_v_nesting_int=\count190
) (/usr/share/texlive/texmf-dist/tex/latex/l3packages/l3keys2e/l3keys2e.sty
Package: l3keys2e 2020-02-14 LaTeX2e option processing using LaTeX3 keys
) (/usr/share/texlive/texmf-dist/tex/latex/fontspec/fontspec.sty
Package: fontspec 2020/02/03 v2.7h Font selection for XeLaTeX and LuaLaTeX
(/usr/share/texlive/texmf-dist/tex/latex/fontspec/fontspec-xetex.sty
Package: fontspec-xetex 2020/02/03 v2.7h Font selection for XeLaTeX and LuaLaTe
X
\l__fontspec_script_int=\count191
\l__fontspec_language_int=\count192
\l__fontspec_strnum_int=\count193
\l__fontspec_tmp_int=\count194
\l__fontspec_tmpa_int=\count195
\l__fontspec_tmpb_int=\count196
\l__fontspec_tmpc_int=\count197
\l__fontspec_em_int=\count198
\l__fontspec_emdef_int=\count199
\l__fontspec_strong_int=\count266
\l__fontspec_strongdef_int=\count267
\l__fontspec_tmpa_dim=\dimen144
\l__fontspec_tmpb_dim=\dimen145
\l__fontspec_tmpc_dim=\dimen146
(/usr/share/texlive/texmf-dist/tex/latex/base/fontenc.sty
Package: fontenc 2020/02/11 v2.0o Standard LaTeX package
) (/usr/share/texlive/texmf-dist/tex/latex/fontspec/fontspec.cfg))) (/usr/share
/texlive/texmf-dist/tex/latex/base/fix-cm.sty
Package: fix-cm 2015/01/14 v1.1t fixes to LaTeX
(/usr/share/texlive/texmf-dist/tex/latex/base/ts1enc.def
File: ts1enc.def 2001/06/05 v3.0e (jk/car/fm) Standard LaTeX file
LaTeX Font Info:    Redeclaring font encoding TS1 on input line 47.
))
\g__um_fam_int=\count268
\g__um_fonts_used_int=\count269
\l__um_primecount_int=\count270
\g__um_primekern_muskip=\muskip17
(/usr/share/texlive/texmf-dist/tex/latex/unicode-math/unicode-math-table.tex)))

Package fontspec Info: NanumGothic scale = 0.8619968811130338.


Package fontspec Info: Could not resolve font "NanumGothic/I" (it probably
(fontspec)             doesn't exist).


Package fontspec Info: NanumGothic scale = 0.8619968811130338.


Package fontspec Info: NanumGothic/B scale = 0.8619968811130338.


Package fontspec Info: NanumGothic/BI scale = 0.8619968811130338.


Package fontspec Info: Font family 'NanumGothic(0)' created for font
(fontspec)             'NanumGothic' with options
(fontspec)             [Scale=MatchLowercase,Ligatures=TeX,Scale=1].
(fontspec)              
(fontspec)              This font family consists of the following NFSS
(fontspec)             series/shapes:
(fontspec)              
(fontspec)             - 'normal' (m/n) with NFSS spec.:
(fontspec)             <->s*[1]"NanumGothic/OT:language=dflt;mapping=tex-text;"

(fontspec)             - 'small caps'  (m/sc) with NFSS spec.: 
(fontspec)             - 'bold' (b/n) with NFSS spec.:
(fontspec)             <->s*[1]"NanumGothic/B/OT:language=dflt;mapping=tex-text
;"
(fontspec)             - 'bold small caps'  (b/sc) with NFSS spec.: 
(fontspec)             - 'bold italic' (b/it) with NFSS spec.:
(fontspec)             <->s*[1]"NanumGothic/BI/OT:language=dflt;mapping=tex-tex
t;"
(fontspec)             - 'bold italic small caps'  (b/scit) with NFSS spec.: 

LaTeX Font Info:    Font shape `TU/NanumGothic(0)/m/n' will be
(Font)              scaled to size 10.0pt on input line 19.

Package fontspec Info: NanumGothic scale = 0.9999969482515008.


Package fontspec Info: Could not resolve font "NanumGothic/I" (it probably
(fontspec)             doesn't exist).


Package fontspec Info: NanumGothic scale = 0.9999969482515008.


Package fontspec Info: NanumGothic/B scale = 0.9999969482515008.


Package fontspec Info: NanumGothic/BI scale = 0.9999969482515008.


Package fontspec Info: Font family 'NanumGothic(1)' created for font
(fontspec)             'NanumGothic' with options [Scale=MatchLowercase].
(fontspec)              
(fontspec)              This font family consists of the following NFSS
(fontspec)             series/shapes:
(fontspec)              
(fontspec)             - 'normal' (m/n) with NFSS spec.:
(fontspec)             <->s*[0.9999969482515008]"NanumGothic/OT:language=dflt;"

(fontspec)             - 'small caps'  (m/sc) with NFSS spec.: 
(fontspec)             - 'bold' (b/n) with NFSS spec.:
(fontspec)             <->s*[0.9999969482515008]"NanumGothic/B/OT:language=dflt
;"
(fontspec)             - 'bold small caps'  (b/sc) with NFSS spec.: 
(fontspec)             - 'bold italic' (b/it) with NFSS spec.:
(fontspec)             <->s*[0.9999969482515008]"NanumGothic/BI/OT:language=dfl
t;"
(fontspec)             - 'bold italic small caps'  (b/scit) with NFSS spec.: 

LaTeX Font Info:    Overwriting math alphabet `\mathrm' in version `normal'
(Font)                  OT1/lmr/m/n --> TU/NanumGothic(1)/m/n on input line 19.

LaTeX Font Info:    Overwriting math alphabet `\mathit' in version `normal'
(Font)                  OT1/lmr/m/it --> TU/NanumGothic(1)/m/it on input line 1
9.
LaTeX Font Info:    Overwriting math alphabet `\mathbf' in version `normal'
(Font)                  OT1/lmr/bx/n --> TU/NanumGothic(1)/bx/n on input line 1
9.
(/usr/share/texlive/texmf-dist/tex/latex/upquote/upquote.sty
Package: upquote 2012/04/19 v1.3 upright-quote and grave-accent glyphs in verba
tim
(/usr/share/texlive/texmf-dist/tex/latex/base/textcomp.sty
Package: textcomp 2020/02/02 v2.0n Standard LaTeX package
)) (/usr/share/texlive/texmf-dist/tex/latex/microtype/microtype.sty
Package: microtype 2019/11/18 v2.7d Micro-typographical refinements (RS)
(/usr/share/texlive/texmf-dist/tex/latex/graphics/keyval.sty
Package: keyval 2014/10/28 v1.15 key=value parser (DPC)
\KV@toks@=\toks19
)
\MT@toks=\toks20
\MT@count=\count271
LaTeX Info: Redefining \textls on input line 790.
\MT@outer@kern=\dimen147
LaTeX Info: Redefining \textmicrotypecontext on input line 1354.
\MT@listname@count=\count272
(/usr/share/texlive/texmf-dist/tex/latex/microtype/microtype-xetex.def
File: microtype-xetex.def 2019/11/18 v2.7d Definitions specific to xetex (RS)
LaTeX Info: Redefining \lsstyle on input line 258.
)
Package microtype Info: Loading configuration file microtype.cfg.
(/usr/share/texlive/texmf-dist/tex/latex/microtype/microtype.cfg
File: microtype.cfg 2019/11/18 v2.7d microtype main configuration file (RS)
)) (/usr/share/texlive/texmf-dist/tex/latex/parskip/parskip.sty
Package: parskip 2020-01-22 v2.0d non-zero parskip adjustments
(/usr/share/texlive/texmf-dist/tex/latex/kvoptions/kvoptions.sty
Package: kvoptions 2019/11/29 v3.13 Key value format for package options (HO)
(/usr/share/texlive/texmf-dist/tex/generic/ltxcmds/ltxcmds.sty
Package: ltxcmds 2019/12/15 v1.24 LaTeX kernel commands for general use (HO)
) (/usr/share/texlive/texmf-dist/tex/generic/kvsetkeys/kvsetkeys.sty
Package: kvsetkeys 2019/12/15 v1.18 Key value parser (HO)
)) (/usr/share/texlive/texmf-dist/tex/latex/etoolbox/etoolbox.sty
Package: etoolbox 2019/09/21 v2.5h e-TeX tools for LaTeX (JAW)
\etb@tempcnta=\count273
)) (/usr/share/texlive/texmf-dist/tex/latex/xcolor/xcolor.sty
Package: xcolor 2016/05/11 v2.12 LaTeX color extensions (UK)
(/usr/share/texlive/texmf-dist/tex/latex/graphics-cfg/color.cfg
File: color.cfg 2016/01/02 v1.6 sample color configuration
)
Package xcolor Info: Driver file: xetex.def on input line 225.
(/usr/share/texlive/texmf-dist/tex/latex/graphics-def/xetex.def
File: xetex.def 2017/06/24 v5.0h Graphics/color driver for xetex
)
Package xcolor Info: Model `cmy' substituted by `cmy0' on input line 1348.
Package xcolor Info: Model `RGB' extended on input line 1364.
Package xcolor Info: Model `HTML' substituted by `rgb' on input line 1366.
Package xcolor Info: Model `Hsb' substituted by `hsb' on input line 1367.
Package xcolor Info: Model `tHsb' substituted by `hsb' on input line 1368.
Package xcolor Info: Model `HSB' substituted by `hsb' on input line 1369.
Package xcolor Info: Model `Gray' substituted by `gray' on input line 1370.
Package xcolor Info: Model `wave' substituted by `hsb' on input line 1371.
) (/usr/share/texlive/texmf-dist/tex/latex/fancyvrb/fancyvrb.sty
Package: fancyvrb 2020/01/13 v3.5 verbatim text (tvz,hv)
\FV@CodeLineNo=\count274
\FV@InFile=\read2
\FV@TabBox=\box48
\c@FancyVerbLine=\count275
\FV@StepNumber=\count276
\FV@OutFile=\write3
) (/usr/share/texlive/texmf-dist/tex/latex/framed/framed.sty
Package: framed 2011/10/22 v 0.96: framed or shaded text with page breaks
\OuterFrameSep=\skip52
\fb@frw=\dimen148
\fb@frh=\dimen149
\FrameRule=\dimen150
\FrameSep=\dimen151
) (/usr/share/texlive/texmf-dist/tex/latex/tools/longtable.sty
Package: longtable 2020/01/07 v4.13 Multi-page Table package (DPC)
\LTleft=\skip53
\LTright=\skip54
\LTpre=\skip55
\LTpost=\skip56
\LTchunksize=\count277
\LTcapwidth=\dimen152
\LT@head=\box49
\LT@firsthead=\box50
\LT@foot=\box51
\LT@lastfoot=\box52
\LT@cols=\count278
\LT@rows=\count279
\c@LT@tables=\count280
\c@LT@chunks=\count281
\LT@p@ftn=\toks21
) (/usr/share/texlive/texmf-dist/tex/latex/booktabs/booktabs.sty
Package: booktabs 2020/01/12 v1.61803398 Publication quality tables
\heavyrulewidth=\dimen153
\lightrulewidth=\dimen154
\cmidrulewidth=\dimen155
\belowrulesep=\dimen156
\belowbottomsep=\dimen157
\aboverulesep=\dimen158
\abovetopsep=\dimen159
\cmidrulesep=\dimen160
\cmidrulekern=\dimen161
\defaultaddspace=\dimen162
\@cmidla=\count282
\@cmidlb=\count283
\@aboverulesep=\dimen163
\@belowrulesep=\dimen164
\@thisruleclass=\count284
\@lastruleclass=\count285
\@thisrulewidth=\dimen165
) (/usr/share/texlive/texmf-dist/tex/latex/tools/array.sty
Package: array 2019/08/31 v2.4l Tabular extension package (FMi)
\col@sep=\dimen166
\ar@mcellbox=\box53
\extrarowheight=\dimen167
\NC@list=\toks22
\extratabsurround=\skip57
\backup@length=\skip58
\ar@cellbox=\box54
) (/usr/share/texlive/texmf-dist/tex/latex/tools/calc.sty
Package: calc 2017/05/25 v4.3 Infix arithmetic (KKT,FJ)
\calc@Acount=\count286
\calc@Bcount=\count287
\calc@Adimen=\dimen168
\calc@Bdimen=\dimen169
\calc@Askip=\skip59
\calc@Bskip=\skip60
LaTeX Info: Redefining \setlength on input line 80.
LaTeX Info: Redefining \addtolength on input line 81.
\calc@Ccount=\count288
\calc@Cskip=\skip61
) (/usr/share/texlive/texmf-dist/tex/latex/footnotehyper/footnotehyper.sty
Package: footnotehyper 2019/11/07 v1.1a hyperref aware footnote.sty (JFB)
\FNH@notes=\box55
\FNH@width=\dimen170
) (/usr/share/texlive/texmf-dist/tex/latex/graphics/graphicx.sty
Package: graphicx 2019/11/30 v1.2a Enhanced LaTeX Graphics (DPC,SPQR)
(/usr/share/texlive/texmf-dist/tex/latex/graphics/graphics.sty
Package: graphics 2019/11/30 v1.4a Standard LaTeX Graphics (DPC,SPQR)
(/usr/share/texlive/texmf-dist/tex/latex/graphics/trig.sty
Package: trig 2016/01/03 v1.10 sin cos tan (DPC)
) (/usr/share/texlive/texmf-dist/tex/latex/graphics-cfg/graphics.cfg
File: graphics.cfg 2016/06/04 v1.11 sample graphics configuration
)
Package graphics Info: Driver file: xetex.def on input line 105.
)
\Gin@req@height=\dimen171
\Gin@req@width=\dimen172
) (/usr/share/texlive/texmf-dist/tex/latex/natbib/natbib.sty
Package: natbib 2010/09/13 8.31b (PWD, AO)
\bibhang=\skip62
\bibsep=\skip63
LaTeX Info: Redefining \cite on input line 694.
\c@NAT@ctr=\count289
) (/usr/share/texlive/texmf-dist/tex/latex/bookmark/bookmark.sty
Package: bookmark 2019/12/03 v1.28 PDF bookmarks (HO)
(/usr/share/texlive/texmf-dist/tex/latex/hyperref/hyperref.sty
Package: hyperref 2020/01/14 v7.00d Hypertext links for LaTeX
(/usr/share/texlive/texmf-dist/tex/latex/pdftexcmds/pdftexcmds.sty
Package: pdftexcmds 2019/11/24 v0.31 Utility functions of pdfTeX for LuaTeX (HO
)
(/usr/share/texlive/texmf-dist/tex/generic/infwarerr/infwarerr.sty
Package: infwarerr 2019/12/03 v1.5 Providing info/warning/error messages (HO)
)
Package pdftexcmds Info: \pdf@primitive is available.
Package pdftexcmds Info: \pdf@ifprimitive is available.
Package pdftexcmds Info: \pdfdraftmode not found.
) (/usr/share/texlive/texmf-dist/tex/generic/kvdefinekeys/kvdefinekeys.sty
Package: kvdefinekeys 2019-12-19 v1.6 Define keys (HO)
) (/usr/share/texlive/texmf-dist/tex/generic/pdfescape/pdfescape.sty
Package: pdfescape 2019/12/09 v1.15 Implements pdfTeX's escape features (HO)
) (/usr/share/texlive/texmf-dist/tex/latex/hycolor/hycolor.sty
Package: hycolor 2020-01-27 v1.10 Color options for hyperref/bookmark (HO)
) (/usr/share/texlive/texmf-dist/tex/latex/letltxmacro/letltxmacro.sty
Package: letltxmacro 2019/12/03 v1.6 Let assignment for LaTeX macros (HO)
) (/usr/share/texlive/texmf-dist/tex/latex/auxhook/auxhook.sty
Package: auxhook 2019-12-17 v1.6 Hooks for auxiliary files (HO)
)
\@linkdim=\dimen173
\Hy@linkcounter=\count290
\Hy@pagecounter=\count291
(/usr/share/texlive/texmf-dist/tex/latex/hyperref/pd1enc.def
File: pd1enc.def 2020/01/14 v7.00d Hyperref: PDFDocEncoding definition (HO)
) (/usr/share/texlive/texmf-dist/tex/generic/intcalc/intcalc.sty
Package: intcalc 2019/12/15 v1.3 Expandable calculations with integers (HO)
) (/usr/share/texlive/texmf-dist/tex/generic/etexcmds/etexcmds.sty
Package: etexcmds 2019/12/15 v1.7 Avoid name clashes with e-TeX commands (HO)
)
\Hy@SavedSpaceFactor=\count292
Package hyperref Info: Option `unicode' set `true' on input line 4421.
(/usr/share/texlive/texmf-dist/tex/latex/hyperref/puenc.def
File: puenc.def 2020/01/14 v7.00d Hyperref: PDF Unicode definition (HO)
)
Package hyperref Info: Hyper figures OFF on input line 4547.
Package hyperref Info: Link nesting OFF on input line 4552.
Package hyperref Info: Hyper index ON on input line 4555.
Package hyperref Info: Plain pages OFF on input line 4562.
Package hyperref Info: Backreferencing OFF on input line 4567.
Package hyperref Info: Implicit mode ON; LaTeX internals redefined.
Package hyperref Info: Bookmarks ON on input line 4800.
\c@Hy@tempcnt=\count293
(/usr/share/texlive/texmf-dist/tex/latex/url/url.sty
\Urlmuskip=\muskip18
Package: url 2013/09/16  ver 3.4  Verb mode for urls, etc.
)
LaTeX Info: Redefining \url on input line 5159.
\XeTeXLinkMargin=\dimen174
(/usr/share/texlive/texmf-dist/tex/generic/bitset/bitset.sty
Package: bitset 2019/12/09 v1.3 Handle bit-vector datatype (HO)
(/usr/share/texlive/texmf-dist/tex/generic/bigintcalc/bigintcalc.sty
Package: bigintcalc 2019/12/15 v1.5 Expandable calculations on big integers (HO
)
))
\Fld@menulength=\count294
\Field@Width=\dimen175
\Fld@charsize=\dimen176
Package hyperref Info: Hyper figures OFF on input line 6430.
Package hyperref Info: Link nesting OFF on input line 6435.
Package hyperref Info: Hyper index ON on input line 6438.
Package hyperref Info: backreferencing OFF on input line 6445.
Package hyperref Info: Link coloring OFF on input line 6450.
Package hyperref Info: Link coloring with OCG OFF on input line 6455.
Package hyperref Info: PDF/A mode OFF on input line 6460.
LaTeX Info: Redefining \ref on input line 6500.
LaTeX Info: Redefining \pageref on input line 6504.
(/usr/share/texlive/texmf-dist/tex/generic/atbegshi/atbegshi.sty
Package: atbegshi 2019/12/05 v1.19 At begin shipout hook (HO)
)
\Hy@abspage=\count295
\c@Item=\count296
\c@Hfootnote=\count297
)
Package hyperref Info: Driver (autodetected): hxetex.
(/usr/share/texlive/texmf-dist/tex/latex/hyperref/hxetex.def
File: hxetex.def 2020/01/14 v7.00d Hyperref driver for XeTeX
(/usr/share/texlive/texmf-dist/tex/generic/stringenc/stringenc.sty
Package: stringenc 2019/11/29 v1.12 Convert strings between diff. encodings (HO
)
)
\pdfm@box=\box56
\c@Hy@AnnotLevel=\count298
\HyField@AnnotCount=\count299
\Fld@listcount=\count300
\c@bookmark@seq@number=\count301
(/usr/share/texlive/texmf-dist/tex/latex/rerunfilecheck/rerunfilecheck.sty
Package: rerunfilecheck 2019/12/05 v1.9 Rerun checks for auxiliary files (HO)
(/usr/share/texlive/texmf-dist/tex/latex/atveryend/atveryend.sty
Package: atveryend 2019-12-11 v1.11 Hooks at the very end of document (HO)
) (/usr/share/texlive/texmf-dist/tex/generic/uniquecounter/uniquecounter.sty
Package: uniquecounter 2019/12/15 v1.4 Provide unlimited unique counter (HO)
)
Package uniquecounter Info: New unique counter `rerunfilecheck' on input line 2
86.
)
\Hy@SectionHShift=\skip64
) (/usr/share/texlive/texmf-dist/tex/latex/bookmark/bkm-dvipdfm.def
File: bkm-dvipdfm.def 2019/12/03 v1.28 bookmark driver for dvipdfm (HO)
\BKM@id=\count302
)) (/usr/share/texlive/texmf-dist/tex/latex/xurl/xurl.sty
Package: xurl 2020/01/24 v 0.09 modify URL breaks
) (./kribbr2022.aux)
\openout1 = `kribbr2022.aux'.

LaTeX Font Info:    Checking defaults for OML/cmm/m/it on input line 123.
LaTeX Font Info:    ... okay on input line 123.
LaTeX Font Info:    Checking defaults for OMS/cmsy/m/n on input line 123.
LaTeX Font Info:    ... okay on input line 123.
LaTeX Font Info:    Checking defaults for OT1/cmr/m/n on input line 123.
LaTeX Font Info:    ... okay on input line 123.
LaTeX Font Info:    Checking defaults for T1/cmr/m/n on input line 123.
LaTeX Font Info:    ... okay on input line 123.
LaTeX Font Info:    Checking defaults for TS1/cmr/m/n on input line 123.
LaTeX Font Info:    ... okay on input line 123.
LaTeX Font Info:    Checking defaults for TU/lmr/m/n on input line 123.
LaTeX Font Info:    ... okay on input line 123.
LaTeX Font Info:    Checking defaults for OMX/cmex/m/n on input line 123.
LaTeX Font Info:    ... okay on input line 123.
LaTeX Font Info:    Checking defaults for U/cmr/m/n on input line 123.
LaTeX Font Info:    ... okay on input line 123.
LaTeX Font Info:    Checking defaults for PD1/pdf/m/n on input line 123.
LaTeX Font Info:    ... okay on input line 123.
LaTeX Font Info:    Checking defaults for PU/pdf/m/n on input line 123.
LaTeX Font Info:    ... okay on input line 123.
LaTeX Font Info:    Overwriting math alphabet `\mathsf' in version `normal'
(Font)                  OT1/lmss/m/n --> TU/lmss/m/n on input line 123.
LaTeX Font Info:    Overwriting math alphabet `\mathsf' in version `bold'
(Font)                  OT1/lmss/bx/n --> TU/lmss/b/n on input line 123.
LaTeX Font Info:    Overwriting math alphabet `\mathtt' in version `normal'
(Font)                  OT1/lmtt/m/n --> TU/lmtt/m/n on input line 123.
LaTeX Font Info:    Overwriting math alphabet `\mathtt' in version `bold'
(Font)                  OT1/lmtt/m/n --> TU/lmtt/b/n on input line 123.

Package fontspec Info: latinmodern-math scale = 1.160089357468819.


Package fontspec Info: latinmodern-math scale = 1.160089357468819.


Package fontspec Info: latinmodern-math scale = 1.160089357468819.


Package fontspec Info: Font family 'latinmodern-math.otf(0)' created for font
(fontspec)             'latinmodern-math.otf' with options
(fontspec)             [Scale=MatchLowercase,BoldItalicFont={},ItalicFont={},Sm
allCapsFont={},Script=Math,BoldFont={latinmodern-math.otf}].
(fontspec)              
(fontspec)              This font family consists of the following NFSS
(fontspec)             series/shapes:
(fontspec)              
(fontspec)             - 'normal' (m/n) with NFSS spec.:
(fontspec)             <->s*[1.160089357468819]"[latinmodern-math.otf]/OT:scrip
t=math;language=dflt;"
(fontspec)             - 'small caps'  (m/sc) with NFSS spec.: 
(fontspec)             - 'bold' (b/n) with NFSS spec.:
(fontspec)             <->s*[1.160089357468819]"[latinmodern-math.otf]/OT:scrip
t=math;language=dflt;"
(fontspec)             - 'bold small caps'  (b/sc) with NFSS spec.: 

LaTeX Font Info:    Font shape `TU/latinmodern-math.otf(0)/m/n' will be
(Font)              scaled to size 11.60095pt on input line 123.

Package fontspec Info: latinmodern-math scale = 1.160089357468819.


Package fontspec Info: latinmodern-math scale = 1.160089357468819.


Package fontspec Info: latinmodern-math scale = 1.160089357468819.


Package fontspec Info: latinmodern-math scale = 1.160089357468819.


Package fontspec Info: latinmodern-math scale = 1.160089357468819.


Package fontspec Info: Font family 'latinmodern-math.otf(1)' created for font
(fontspec)             'latinmodern-math.otf' with options
(fontspec)             [Scale=MatchLowercase,BoldItalicFont={},ItalicFont={},Sm
allCapsFont={},Script=Math,SizeFeatures={{Size=8.5-},{Size=6-8.5,Font=latinmode
rn-math.otf,Style=MathScript},{Size=-6,Font=latinmodern-math.otf,Style=MathScri
ptScript}},BoldFont={latinmodern-math.otf}].
(fontspec)              
(fontspec)              This font family consists of the following NFSS
(fontspec)             series/shapes:
(fontspec)              
(fontspec)             - 'normal' (m/n) with NFSS spec.:
(fontspec)             <8.5->s*[1.160089357468819]"[latinmodern-math.otf]/OT:sc
ript=math;language=dflt;"<6-8.5>s*[1.160089357468819]"[latinmodern-math.otf]/OT
:script=math;language=dflt;+ssty=0;"<-6>s*[1.160089357468819]"[latinmodern-math
.otf]/OT:script=math;language=dflt;+ssty=1;"
(fontspec)             - 'small caps'  (m/sc) with NFSS spec.: 
(fontspec)             - 'bold' (b/n) with NFSS spec.:
(fontspec)             <->s*[1.160089357468819]"[latinmodern-math.otf]/OT:scrip
t=math;language=dflt;"
(fontspec)             - 'bold small caps'  (b/sc) with NFSS spec.: 

LaTeX Font Info:    Font shape `TU/latinmodern-math.otf(1)/m/n' will be
(Font)              scaled to size 11.60095pt on input line 123.
LaTeX Font Info:    Encoding `OT1' has changed to `TU' for symbol font
(Font)              `operators' in the math version `normal' on input line 123.

LaTeX Font Info:    Overwriting symbol font `operators' in version `normal'
(Font)                  OT1/lmr/m/n --> TU/latinmodern-math.otf(1)/m/n on input
 line 123.
LaTeX Font Info:    Encoding `OT1' has changed to `TU' for symbol font
(Font)              `operators' in the math version `bold' on input line 123.
LaTeX Font Info:    Overwriting symbol font `operators' in version `bold'
(Font)                  OT1/lmr/bx/n --> TU/latinmodern-math.otf(1)/b/n on inpu
t line 123.

Package fontspec Info: latinmodern-math scale = 1.160089357468819.


Package fontspec Info: latinmodern-math scale = 1.160205366404566.


Package fontspec Info: latinmodern-math scale = 1.160089357468819.


Package fontspec Info: latinmodern-math scale = 1.160205366404566.


Package fontspec Info: latinmodern-math scale = 1.160089357468819.


Package fontspec Info: latinmodern-math scale = 1.160205366404566.


Package fontspec Info: latinmodern-math scale = 1.160089357468819.


Package fontspec Info: latinmodern-math scale = 1.160205366404566.


Package fontspec Info: latinmodern-math scale = 1.160089357468819.


Package fontspec Info: latinmodern-math scale = 1.160205366404566.


Package fontspec Info: Font family 'latinmodern-math.otf(2)' created for font
(fontspec)             'latinmodern-math.otf' with options
(fontspec)             [Scale=MatchLowercase,BoldItalicFont={},ItalicFont={},Sm
allCapsFont={},Script=Math,SizeFeatures={{Size=8.5-},{Size=6-8.5,Font=latinmode
rn-math.otf,Style=MathScript},{Size=-6,Font=latinmodern-math.otf,Style=MathScri
ptScript}},BoldFont={latinmodern-math.otf},ScaleAgain=1.0001,FontAdjustment={\f
ontdimen
(fontspec)             8\font =7.85385pt\relax \fontdimen 9\font
(fontspec)             =4.57077pt\relax \fontdimen 10\font =5.15082pt\relax
(fontspec)             \fontdimen 11\font =7.95825pt\relax \fontdimen 12\font
(fontspec)             =4.00233pt\relax \fontdimen 13\font =4.21115pt\relax
(fontspec)             \fontdimen 14\font =4.21115pt\relax \fontdimen 15\font
(fontspec)             =3.35268pt\relax \fontdimen 16\font =2.86543pt\relax
(fontspec)             \fontdimen 17\font =2.86543pt\relax \fontdimen 18\font
(fontspec)             =2.90024pt\relax \fontdimen 19\font =2.32019pt\relax
(fontspec)             \fontdimen 22\font =2.90024pt\relax \fontdimen 20\font
(fontspec)             =0pt\relax \fontdimen 21\font =0pt\relax }].
(fontspec)              
(fontspec)              This font family consists of the following NFSS
(fontspec)             series/shapes:
(fontspec)              
(fontspec)             - 'normal' (m/n) with NFSS spec.:
(fontspec)             <8.5->s*[1.160205366404566]"[latinmodern-math.otf]/OT:sc
ript=math;language=dflt;"<6-8.5>s*[1.160205366404566]"[latinmodern-math.otf]/OT
:script=math;language=dflt;+ssty=0;"<-6>s*[1.160205366404566]"[latinmodern-math
.otf]/OT:script=math;language=dflt;+ssty=1;"
(fontspec)             - 'small caps'  (m/sc) with NFSS spec.: 
(fontspec)             and font adjustment code:
(fontspec)             \fontdimen 8\font =7.85385pt\relax \fontdimen 9\font
(fontspec)             =4.57077pt\relax \fontdimen 10\font =5.15082pt\relax
(fontspec)             \fontdimen 11\font =7.95825pt\relax \fontdimen 12\font
(fontspec)             =4.00233pt\relax \fontdimen 13\font =4.21115pt\relax
(fontspec)             \fontdimen 14\font =4.21115pt\relax \fontdimen 15\font
(fontspec)             =3.35268pt\relax \fontdimen 16\font =2.86543pt\relax
(fontspec)             \fontdimen 17\font =2.86543pt\relax \fontdimen 18\font
(fontspec)             =2.90024pt\relax \fontdimen 19\font =2.32019pt\relax
(fontspec)             \fontdimen 22\font =2.90024pt\relax \fontdimen 20\font
(fontspec)             =0pt\relax \fontdimen 21\font =0pt\relax 
(fontspec)             - 'bold' (b/n) with NFSS spec.:
(fontspec)             <->s*[1.160205366404566]"[latinmodern-math.otf]/OT:scrip
t=math;language=dflt;"
(fontspec)             - 'bold small caps'  (b/sc) with NFSS spec.: 
(fontspec)             and font adjustment code:
(fontspec)             \fontdimen 8\font =7.85385pt\relax \fontdimen 9\font
(fontspec)             =4.57077pt\relax \fontdimen 10\font =5.15082pt\relax
(fontspec)             \fontdimen 11\font =7.95825pt\relax \fontdimen 12\font
(fontspec)             =4.00233pt\relax \fontdimen 13\font =4.21115pt\relax
(fontspec)             \fontdimen 14\font =4.21115pt\relax \fontdimen 15\font
(fontspec)             =3.35268pt\relax \fontdimen 16\font =2.86543pt\relax
(fontspec)             \fontdimen 17\font =2.86543pt\relax \fontdimen 18\font
(fontspec)             =2.90024pt\relax \fontdimen 19\font =2.32019pt\relax
(fontspec)             \fontdimen 22\font =2.90024pt\relax \fontdimen 20\font
(fontspec)             =0pt\relax \fontdimen 21\font =0pt\relax 

LaTeX Font Info:    Encoding `OMS' has changed to `TU' for symbol font
(Font)              `symbols' in the math version `normal' on input line 123.
LaTeX Font Info:    Overwriting symbol font `symbols' in version `normal'
(Font)                  OMS/lmsy/m/n --> TU/latinmodern-math.otf(2)/m/n on inpu
t line 123.
LaTeX Font Info:    Encoding `OMS' has changed to `TU' for symbol font
(Font)              `symbols' in the math version `bold' on input line 123.
LaTeX Font Info:    Overwriting symbol font `symbols' in version `bold'
(Font)                  OMS/lmsy/b/n --> TU/latinmodern-math.otf(2)/b/n on inpu
t line 123.

Package fontspec Info: latinmodern-math scale = 1.160089357468819.


Package fontspec Info: latinmodern-math scale = 1.159973348533072.


Package fontspec Info: latinmodern-math scale = 1.160089357468819.


Package fontspec Info: latinmodern-math scale = 1.159973348533072.


Package fontspec Info: latinmodern-math scale = 1.160089357468819.


Package fontspec Info: latinmodern-math scale = 1.159973348533072.


Package fontspec Info: latinmodern-math scale = 1.160089357468819.


Package fontspec Info: latinmodern-math scale = 1.159973348533072.


Package fontspec Info: latinmodern-math scale = 1.160089357468819.


Package fontspec Info: latinmodern-math scale = 1.159973348533072.


Package fontspec Info: Font family 'latinmodern-math.otf(3)' created for font
(fontspec)             'latinmodern-math.otf' with options
(fontspec)             [Scale=MatchLowercase,BoldItalicFont={},ItalicFont={},Sm
allCapsFont={},Script=Math,SizeFeatures={{Size=8.5-},{Size=6-8.5,Font=latinmode
rn-math.otf,Style=MathScript},{Size=-6,Font=latinmodern-math.otf,Style=MathScri
ptScript}},BoldFont={latinmodern-math.otf},ScaleAgain=0.9999,FontAdjustment={\f
ontdimen
(fontspec)             8\font =0.46404pt\relax \fontdimen 9\font
(fontspec)             =2.32019pt\relax \fontdimen 10\font =1.93736pt\relax
(fontspec)             \fontdimen 11\font =1.2877pt\relax \fontdimen 12\font
(fontspec)             =6.96057pt\relax \fontdimen 13\font =0pt\relax }].
(fontspec)              
(fontspec)              This font family consists of the following NFSS
(fontspec)             series/shapes:
(fontspec)              
(fontspec)             - 'normal' (m/n) with NFSS spec.:
(fontspec)             <8.5->s*[1.159973348533072]"[latinmodern-math.otf]/OT:sc
ript=math;language=dflt;"<6-8.5>s*[1.159973348533072]"[latinmodern-math.otf]/OT
:script=math;language=dflt;+ssty=0;"<-6>s*[1.159973348533072]"[latinmodern-math
.otf]/OT:script=math;language=dflt;+ssty=1;"
(fontspec)             - 'small caps'  (m/sc) with NFSS spec.: 
(fontspec)             and font adjustment code:
(fontspec)             \fontdimen 8\font =0.46404pt\relax \fontdimen 9\font
(fontspec)             =2.32019pt\relax \fontdimen 10\font =1.93736pt\relax
(fontspec)             \fontdimen 11\font =1.2877pt\relax \fontdimen 12\font
(fontspec)             =6.96057pt\relax \fontdimen 13\font =0pt\relax 
(fontspec)             - 'bold' (b/n) with NFSS spec.:
(fontspec)             <->s*[1.159973348533072]"[latinmodern-math.otf]/OT:scrip
t=math;language=dflt;"
(fontspec)             - 'bold small caps'  (b/sc) with NFSS spec.: 
(fontspec)             and font adjustment code:
(fontspec)             \fontdimen 8\font =0.46404pt\relax \fontdimen 9\font
(fontspec)             =2.32019pt\relax \fontdimen 10\font =1.93736pt\relax
(fontspec)             \fontdimen 11\font =1.2877pt\relax \fontdimen 12\font
(fontspec)             =6.96057pt\relax \fontdimen 13\font =0pt\relax 

LaTeX Font Info:    Encoding `OMX' has changed to `TU' for symbol font
(Font)              `largesymbols' in the math version `normal' on input line 1
23.
LaTeX Font Info:    Overwriting symbol font `largesymbols' in version `normal'
(Font)                  OMX/lmex/m/n --> TU/latinmodern-math.otf(3)/m/n on inpu
t line 123.
LaTeX Font Info:    Encoding `OMX' has changed to `TU' for symbol font
(Font)              `largesymbols' in the math version `bold' on input line 123
.
LaTeX Font Info:    Overwriting symbol font `largesymbols' in version `bold'
(Font)                  OMX/lmex/m/n --> TU/latinmodern-math.otf(3)/b/n on inpu
t line 123.
LaTeX Info: Redefining \microtypecontext on input line 123.
Package microtype Info: Character protrusion enabled (level 2).
Package microtype Info: Using protrusion set `basicmath'.
Package microtype Info: No adjustment of tracking.
Package microtype Info: No adjustment of spacing.
Package microtype Info: No adjustment of kerning.
Package microtype Info: Loading generic protrusion settings for font family
(microtype)             `NanumGothic' (encoding: TU).
(microtype)             For optimal results, create family-specific settings.
(microtype)             See the microtype manual for details.

Package microtype Warning: Unknown slot number of character
(microtype)                `\~A'
(microtype)                in font encoding `TU' in inheritance list
(microtype)                `microtype.cfg/376(protrusion)'.


Package microtype Warning: Unknown slot number of character
(microtype)                `\"A'
(microtype)                in font encoding `TU' in inheritance list
(microtype)                `microtype.cfg/376(protrusion)'.


Package microtype Warning: Unknown slot number of character
(microtype)                `\r A'
(microtype)                in font encoding `TU' in inheritance list
(microtype)                `microtype.cfg/376(protrusion)'.


Package microtype Warning: Unknown slot number of character
(microtype)                `\k A'
(microtype)                in font encoding `TU' in inheritance list
(microtype)                `microtype.cfg/376(protrusion)'.


Package microtype Warning: Unknown slot number of character
(microtype)                `\u A'
(microtype)                in font encoding `TU' in inheritance list
(microtype)                `microtype.cfg/376(protrusion)'.


Package microtype Warning: Unknown slot number of character
(microtype)                `\~a'
(microtype)                in font encoding `TU' in inheritance list
(microtype)                `microtype.cfg/376(protrusion)'.


Package microtype Warning: Unknown slot number of character
(microtype)                `\r a'
(microtype)                in font encoding `TU' in inheritance list
(microtype)                `microtype.cfg/376(protrusion)'.


Package microtype Warning: Unknown slot number of character
(microtype)                `\k a'
(microtype)                in font encoding `TU' in inheritance list
(microtype)                `microtype.cfg/376(protrusion)'.


Package microtype Warning: Unknown slot number of character
(microtype)                `\u a'
(microtype)                in font encoding `TU' in inheritance list
(microtype)                `microtype.cfg/376(protrusion)'.


Package microtype Warning: Unknown slot number of character
(microtype)                `\'C'
(microtype)                in font encoding `TU' in inheritance list
(microtype)                `microtype.cfg/376(protrusion)'.


Package microtype Warning: Unknown slot number of character
(microtype)                `\v C'
(microtype)                in font encoding `TU' in inheritance list
(microtype)                `microtype.cfg/376(protrusion)'.


Package microtype Warning: Unknown slot number of character
(microtype)                `\'c'
(microtype)                in font encoding `TU' in inheritance list
(microtype)                `microtype.cfg/376(protrusion)'.


Package microtype Warning: Unknown slot number of character
(microtype)                `\v c'
(microtype)                in font encoding `TU' in inheritance list
(microtype)                `microtype.cfg/376(protrusion)'.


Package microtype Warning: Unknown slot number of character
(microtype)                `\v D'
(microtype)                in font encoding `TU' in inheritance list
(microtype)                `microtype.cfg/376(protrusion)'.


Package microtype Warning: Unknown slot number of character
(microtype)                `\v d'
(microtype)                in font encoding `TU' in inheritance list
(microtype)                `microtype.cfg/376(protrusion)'.


Package microtype Warning: Unknown slot number of character
(microtype)                `\k E'
(microtype)                in font encoding `TU' in inheritance list
(microtype)                `microtype.cfg/376(protrusion)'.


Package microtype Warning: Unknown slot number of character
(microtype)                `\v E'
(microtype)                in font encoding `TU' in inheritance list
(microtype)                `microtype.cfg/376(protrusion)'.


Package microtype Warning: Unknown slot number of character
(microtype)                `\k e'
(microtype)                in font encoding `TU' in inheritance list
(microtype)                `microtype.cfg/376(protrusion)'.


Package microtype Warning: Unknown slot number of character
(microtype)                `\v e'
(microtype)                in font encoding `TU' in inheritance list
(microtype)                `microtype.cfg/376(protrusion)'.


Package microtype Warning: Unknown slot number of character
(microtype)                `\u G'
(microtype)                in font encoding `TU' in inheritance list
(microtype)                `microtype.cfg/376(protrusion)'.


Package microtype Warning: Unknown slot number of character
(microtype)                `\u g'
(microtype)                in font encoding `TU' in inheritance list
(microtype)                `microtype.cfg/376(protrusion)'.


Package microtype Warning: Unknown slot number of character
(microtype)                `\`I'
(microtype)                in font encoding `TU' in inheritance list
(microtype)                `microtype.cfg/376(protrusion)'.


Package microtype Warning: Unknown slot number of character
(microtype)                `\.I'
(microtype)                in font encoding `TU' in inheritance list
(microtype)                `microtype.cfg/376(protrusion)'.


Package microtype Warning: Unknown slot number of character
(microtype)                `\`i'
(microtype)                in font encoding `TU' in inheritance list
(microtype)                `microtype.cfg/376(protrusion)'.


Package microtype Warning: Unknown slot number of character
(microtype)                `\'L'
(microtype)                in font encoding `TU' in inheritance list
(microtype)                `microtype.cfg/376(protrusion)'.


Package microtype Warning: Unknown slot number of character
(microtype)                `\v L'
(microtype)                in font encoding `TU' in inheritance list
(microtype)                `microtype.cfg/376(protrusion)'.


Package microtype Warning: Unknown slot number of character
(microtype)                `\'l'
(microtype)                in font encoding `TU' in inheritance list
(microtype)                `microtype.cfg/376(protrusion)'.


Package microtype Warning: Unknown slot number of character
(microtype)                `\v l'
(microtype)                in font encoding `TU' in inheritance list
(microtype)                `microtype.cfg/376(protrusion)'.


Package microtype Warning: Unknown slot number of character
(microtype)                `\'N'
(microtype)                in font encoding `TU' in inheritance list
(microtype)                `microtype.cfg/376(protrusion)'.


Package microtype Warning: Unknown slot number of character
(microtype)                `\v N'
(microtype)                in font encoding `TU' in inheritance list
(microtype)                `microtype.cfg/376(protrusion)'.


Package microtype Warning: Unknown slot number of character
(microtype)                `\'n'
(microtype)                in font encoding `TU' in inheritance list
(microtype)                `microtype.cfg/376(protrusion)'.


Package microtype Warning: Unknown slot number of character
(microtype)                `\v n'
(microtype)                in font encoding `TU' in inheritance list
(microtype)                `microtype.cfg/376(protrusion)'.


Package microtype Warning: Unknown slot number of character
(microtype)                `\`O'
(microtype)                in font encoding `TU' in inheritance list
(microtype)                `microtype.cfg/376(protrusion)'.


Package microtype Warning: Unknown slot number of character
(microtype)                `\~O'
(microtype)                in font encoding `TU' in inheritance list
(microtype)                `microtype.cfg/376(protrusion)'.


Package microtype Warning: Unknown slot number of character
(microtype)                `\"O'
(microtype)                in font encoding `TU' in inheritance list
(microtype)                `microtype.cfg/376(protrusion)'.


Package microtype Warning: Unknown slot number of character
(microtype)                `\H O'
(microtype)                in font encoding `TU' in inheritance list
(microtype)                `microtype.cfg/376(protrusion)'.


Package microtype Warning: Unknown slot number of character
(microtype)                `\`o'
(microtype)                in font encoding `TU' in inheritance list
(microtype)                `microtype.cfg/376(protrusion)'.


Package microtype Warning: Unknown slot number of character
(microtype)                `\~o'
(microtype)                in font encoding `TU' in inheritance list
(microtype)                `microtype.cfg/376(protrusion)'.


Package microtype Warning: Unknown slot number of character
(microtype)                `\H o'
(microtype)                in font encoding `TU' in inheritance list
(microtype)                `microtype.cfg/376(protrusion)'.


Package microtype Warning: Unknown slot number of character
(microtype)                `\'R'
(microtype)                in font encoding `TU' in inheritance list
(microtype)                `microtype.cfg/376(protrusion)'.


Package microtype Warning: Unknown slot number of character
(microtype)                `\v R'
(microtype)                in font encoding `TU' in inheritance list
(microtype)                `microtype.cfg/376(protrusion)'.


Package microtype Warning: Unknown slot number of character
(microtype)                `\'r'
(microtype)                in font encoding `TU' in inheritance list
(microtype)                `microtype.cfg/376(protrusion)'.


Package microtype Warning: Unknown slot number of character
(microtype)                `\v r'
(microtype)                in font encoding `TU' in inheritance list
(microtype)                `microtype.cfg/376(protrusion)'.


Package microtype Warning: Unknown slot number of character
(microtype)                `\'S'
(microtype)                in font encoding `TU' in inheritance list
(microtype)                `microtype.cfg/376(protrusion)'.


Package microtype Warning: Unknown slot number of character
(microtype)                `\c S'
(microtype)                in font encoding `TU' in inheritance list
(microtype)                `microtype.cfg/376(protrusion)'.


Package microtype Warning: Unknown slot number of character
(microtype)                `\v S'
(microtype)                in font encoding `TU' in inheritance list
(microtype)                `microtype.cfg/376(protrusion)'.


Package microtype Warning: Unknown slot number of character
(microtype)                `\'s'
(microtype)                in font encoding `TU' in inheritance list
(microtype)                `microtype.cfg/376(protrusion)'.


Package microtype Warning: Unknown slot number of character
(microtype)                `\c s'
(microtype)                in font encoding `TU' in inheritance list
(microtype)                `microtype.cfg/376(protrusion)'.


Package microtype Warning: Unknown slot number of character
(microtype)                `\v s'
(microtype)                in font encoding `TU' in inheritance list
(microtype)                `microtype.cfg/376(protrusion)'.


Package microtype Warning: Unknown slot number of character
(microtype)                `\c T'
(microtype)                in font encoding `TU' in inheritance list
(microtype)                `microtype.cfg/376(protrusion)'.


Package microtype Warning: Unknown slot number of character
(microtype)                `\v T'
(microtype)                in font encoding `TU' in inheritance list
(microtype)                `microtype.cfg/376(protrusion)'.


Package microtype Warning: Unknown slot number of character
(microtype)                `\c t'
(microtype)                in font encoding `TU' in inheritance list
(microtype)                `microtype.cfg/376(protrusion)'.


Package microtype Warning: Unknown slot number of character
(microtype)                `\v t'
(microtype)                in font encoding `TU' in inheritance list
(microtype)                `microtype.cfg/376(protrusion)'.


Package microtype Warning: Unknown slot number of character
(microtype)                `\H U'
(microtype)                in font encoding `TU' in inheritance list
(microtype)                `microtype.cfg/376(protrusion)'.


Package microtype Warning: Unknown slot number of character
(microtype)                `\r U'
(microtype)                in font encoding `TU' in inheritance list
(microtype)                `microtype.cfg/376(protrusion)'.


Package microtype Warning: Unknown slot number of character
(microtype)                `\H u'
(microtype)                in font encoding `TU' in inheritance list
(microtype)                `microtype.cfg/376(protrusion)'.


Package microtype Warning: Unknown slot number of character
(microtype)                `\r u'
(microtype)                in font encoding `TU' in inheritance list
(microtype)                `microtype.cfg/376(protrusion)'.


Package microtype Warning: Unknown slot number of character
(microtype)                `\'Y'
(microtype)                in font encoding `TU' in inheritance list
(microtype)                `microtype.cfg/376(protrusion)'.


Package microtype Warning: Unknown slot number of character
(microtype)                `\"Y'
(microtype)                in font encoding `TU' in inheritance list
(microtype)                `microtype.cfg/376(protrusion)'.


Package microtype Warning: Unknown slot number of character
(microtype)                `\'y'
(microtype)                in font encoding `TU' in inheritance list
(microtype)                `microtype.cfg/376(protrusion)'.


Package microtype Warning: Unknown slot number of character
(microtype)                `\"y'
(microtype)                in font encoding `TU' in inheritance list
(microtype)                `microtype.cfg/376(protrusion)'.


Package microtype Warning: Unknown slot number of character
(microtype)                `\'Z'
(microtype)                in font encoding `TU' in inheritance list
(microtype)                `microtype.cfg/376(protrusion)'.


Package microtype Warning: Unknown slot number of character
(microtype)                `\.Z'
(microtype)                in font encoding `TU' in inheritance list
(microtype)                `microtype.cfg/376(protrusion)'.


Package microtype Warning: Unknown slot number of character
(microtype)                `\v Z'
(microtype)                in font encoding `TU' in inheritance list
(microtype)                `microtype.cfg/376(protrusion)'.


Package microtype Warning: Unknown slot number of character
(microtype)                `\'z'
(microtype)                in font encoding `TU' in inheritance list
(microtype)                `microtype.cfg/376(protrusion)'.


Package microtype Warning: Unknown slot number of character
(microtype)                `\.z'
(microtype)                in font encoding `TU' in inheritance list
(microtype)                `microtype.cfg/376(protrusion)'.


Package microtype Warning: Unknown slot number of character
(microtype)                `\v z'
(microtype)                in font encoding `TU' in inheritance list
(microtype)                `microtype.cfg/376(protrusion)'.

Package microtype Info: Character `\quotesinglbase ' is missing
(microtype)             in font `\TU/NanumGothic(0)/m/n/10'.
(microtype)             Ignoring protrusion settings for this character.
Package microtype Info: Character `\quotedblbase ' is missing
(microtype)             in font `\TU/NanumGothic(0)/m/n/10'.
(microtype)             Ignoring protrusion settings for this character.
\AtBeginShipoutBox=\box57
Package hyperref Info: Link coloring OFF on input line 123.
(/usr/share/texlive/texmf-dist/tex/latex/hyperref/nameref.sty
Package: nameref 2019/09/16 v2.46 Cross-referencing by name of section
(/usr/share/texlive/texmf-dist/tex/latex/refcount/refcount.sty
Package: refcount 2019/12/15 v3.6 Data extraction from label references (HO)
) (/usr/share/texlive/texmf-dist/tex/generic/gettitlestring/gettitlestring.sty
Package: gettitlestring 2019/12/15 v1.6 Cleanup title references (HO)
)
\c@section@level=\count303
)
LaTeX Info: Redefining \ref on input line 123.
LaTeX Info: Redefining \pageref on input line 123.
LaTeX Info: Redefining \nameref on input line 123.
LaTeX Font Info:    Font shape `TU/NanumGothic(0)/m/n' will be
(Font)              scaled to size 17.28pt on input line 125.
LaTeX Font Info:    Font shape `TU/NanumGothic(0)/m/n' will be
(Font)              scaled to size 12.0pt on input line 125.
Package microtype Info: Character `\quotesinglbase ' is missing
(microtype)             in font `\TU/NanumGothic(0)/m/n/12'.
(microtype)             Ignoring protrusion settings for this character.
Package microtype Info: Character `\quotedblbase ' is missing
(microtype)             in font `\TU/NanumGothic(0)/m/n/12'.
(microtype)             Ignoring protrusion settings for this character.
LaTeX Font Info:    Font shape `TU/latinmodern-math.otf(1)/m/n' will be
(Font)              scaled to size 13.92114pt on input line 125.
LaTeX Font Info:    Font shape `TU/latinmodern-math.otf(1)/m/n' will be
(Font)              scaled to size 9.28076pt on input line 125.
LaTeX Font Info:    Font shape `TU/latinmodern-math.otf(1)/m/n' will be
(Font)              scaled to size 6.96057pt on input line 125.
LaTeX Font Info:    Trying to load font information for OML+lmm on input line 1
25.
(/usr/share/texmf/tex/latex/lm/omllmm.fd
File: omllmm.fd 2009/10/30 v1.6 Font defs for Latin Modern
)
LaTeX Font Info:    Font shape `TU/latinmodern-math.otf(2)/m/n' will be
(Font)              scaled to size 13.92242pt on input line 125.
LaTeX Font Info:    Font shape `TU/latinmodern-math.otf(2)/m/n' will be
(Font)              scaled to size 9.28162pt on input line 125.
LaTeX Font Info:    Font shape `TU/latinmodern-math.otf(2)/m/n' will be
(Font)              scaled to size 6.96121pt on input line 125.
LaTeX Font Info:    Font shape `TU/latinmodern-math.otf(3)/m/n' will be
(Font)              scaled to size 13.91968pt on input line 125.
LaTeX Font Info:    Font shape `TU/latinmodern-math.otf(3)/m/n' will be
(Font)              scaled to size 9.27979pt on input line 125.
LaTeX Font Info:    Font shape `TU/latinmodern-math.otf(3)/m/n' will be
(Font)              scaled to size 6.95984pt on input line 125.
LaTeX Font Info:    Trying to load font information for U+msa on input line 125
.
(/usr/share/texlive/texmf-dist/tex/latex/amsfonts/umsa.fd
File: umsa.fd 2013/01/14 v3.01 AMS symbols A
) (/usr/share/texlive/texmf-dist/tex/latex/microtype/mt-msa.cfg
File: mt-msa.cfg 2006/02/04 v1.1 microtype config. file: AMS symbols (a) (RS)
)
LaTeX Font Info:    Trying to load font information for U+msb on input line 125
.
(/usr/share/texlive/texmf-dist/tex/latex/amsfonts/umsb.fd
File: umsb.fd 2013/01/14 v3.01 AMS symbols B
) (/usr/share/texlive/texmf-dist/tex/latex/microtype/mt-msb.cfg
File: mt-msb.cfg 2005/06/01 v1.0 microtype config. file: AMS symbols (b) (RS)
) [1


]

LaTeX Font Warning: Font shape `TU/NanumGothic(0)/m/sl' undefined
(Font)              using `TU/NanumGothic(0)/m/n' instead on input line 128.

[2

]
LaTeX Font Info:    Font shape `TU/NanumGothic(0)/m/n' will be
(Font)              scaled to size 24.88pt on input line 128.
LaTeX Font Info:    Font shape `TU/NanumGothic(0)/b/n' will be
(Font)              scaled to size 24.88pt on input line 128.
(./kribbr2022.toc
LaTeX Font Info:    Font shape `TU/NanumGothic(0)/b/n' will be
(Font)              scaled to size 10.0pt on input line 1.
LaTeX Font Info:    Font shape `TU/latinmodern-math.otf(1)/m/n' will be
(Font)              scaled to size 8.12067pt on input line 2.
LaTeX Font Info:    Font shape `TU/latinmodern-math.otf(1)/m/n' will be
(Font)              scaled to size 5.80048pt on input line 2.
LaTeX Font Info:    Font shape `TU/latinmodern-math.otf(2)/m/n' will be
(Font)              scaled to size 11.60202pt on input line 2.
LaTeX Font Info:    Font shape `TU/latinmodern-math.otf(2)/m/n' will be
(Font)              scaled to size 8.12141pt on input line 2.
LaTeX Font Info:    Font shape `TU/latinmodern-math.otf(2)/m/n' will be
(Font)              scaled to size 5.80101pt on input line 2.
LaTeX Font Info:    Font shape `TU/latinmodern-math.otf(3)/m/n' will be
(Font)              scaled to size 11.59973pt on input line 2.
LaTeX Font Info:    Font shape `TU/latinmodern-math.otf(3)/m/n' will be
(Font)              scaled to size 8.11981pt on input line 2.
LaTeX Font Info:    Font shape `TU/latinmodern-math.otf(3)/m/n' will be
(Font)              scaled to size 5.79987pt on input line 2.
[3]
Overfull \hbox (2.67998pt too wide) detected at line 95
 []\TU/NanumGothic(0)/m/n/10 101
 []


Overfull \hbox (2.67998pt too wide) detected at line 98
 []\TU/NanumGothic(0)/m/n/10 103
 []


Overfull \hbox (2.67998pt too wide) detected at line 100
 []\TU/NanumGothic(0)/m/n/10 105
 []


Overfull \hbox (2.67998pt too wide) detected at line 104
 []\TU/NanumGothic(0)/m/n/10 111
 []


Overfull \hbox (2.67998pt too wide) detected at line 105
 []\TU/NanumGothic(0)/m/n/10 114
 []


Overfull \hbox (2.67998pt too wide) detected at line 107
 []\TU/NanumGothic(0)/m/n/10 119
 []


Overfull \hbox (2.67998pt too wide) detected at line 108
 []\TU/NanumGothic(0)/m/n/10 121
 []


Overfull \hbox (2.67998pt too wide) detected at line 109
 []\TU/NanumGothic(0)/m/n/10 122
 []


Overfull \hbox (2.67998pt too wide) detected at line 110
 []\TU/NanumGothic(0)/m/n/10 124
 []


Overfull \hbox (2.67998pt too wide) detected at line 111
 []\TU/NanumGothic(0)/m/n/10 126
 []

LaTeX Font Info:    Font shape `TU/NanumGothic(0)/m/sl' will be
(Font)              scaled to size 10.0pt on input line 112.
Package microtype Info: Character `\quotesinglbase ' is missing
(microtype)             in font `\TU/NanumGothic(0)/m/sl/10'.
(microtype)             Ignoring protrusion settings for this character.
Package microtype Info: Character `\quotedblbase ' is missing
(microtype)             in font `\TU/NanumGothic(0)/m/sl/10'.
(microtype)             Ignoring protrusion settings for this character.
[4]
Overfull \hbox (2.67998pt too wide) detected at line 112
 []\TU/NanumGothic(0)/m/sl/10 127
 []


Overfull \hbox (2.67998pt too wide) detected at line 115
 []\TU/NanumGothic(0)/m/sl/10 131
 []


Overfull \hbox (2.67998pt too wide) detected at line 118
 []\TU/NanumGothic(0)/m/sl/10 137
 []


Overfull \hbox (2.67998pt too wide) detected at line 119
 []\TU/NanumGothic(0)/m/sl/10 139
 []


Overfull \hbox (2.67998pt too wide) detected at line 120
 []\TU/NanumGothic(0)/m/sl/10 140
 []


Overfull \hbox (2.67998pt too wide) detected at line 121
 []\TU/NanumGothic(0)/m/sl/10 141
 []


Overfull \hbox (2.67998pt too wide) detected at line 122
 []\TU/NanumGothic(0)/m/sl/10 142
 []


Overfull \hbox (2.67998pt too wide) detected at line 123
 []\TU/NanumGothic(0)/m/sl/10 144
 []


Overfull \hbox (2.67998pt too wide) detected at line 124
 []\TU/NanumGothic(0)/m/sl/10 146
 []


Overfull \hbox (2.67998pt too wide) detected at line 125
 []\TU/NanumGothic(0)/m/sl/10 146
 []


Overfull \hbox (2.67998pt too wide) detected at line 126
 []\TU/NanumGothic(0)/m/sl/10 148
 []


Overfull \hbox (4.26997pt too wide) detected at line 127
\TU/NanumGothic(0)/m/sl/10 12.10 
 []


Overfull \hbox (2.67998pt too wide) detected at line 127
 []\TU/NanumGothic(0)/m/sl/10 150
 []

)
\tf@toc=\write4
\openout4 = `kribbr2022.toc'.

[5] [6

]
Chapter 1.
LaTeX Font Info:    Font shape `TU/NanumGothic(0)/m/n' will be
(Font)              scaled to size 20.74pt on input line 131.
LaTeX Font Info:    Font shape `TU/NanumGothic(0)/b/n' will be
(Font)              scaled to size 20.74pt on input line 131.
LaTeX Font Info:    Font shape `TU/NanumGothic(0)/m/n' will be
(Font)              scaled to size 14.4pt on input line 134.
LaTeX Font Info:    Font shape `TU/NanumGothic(0)/b/n' will be
(Font)              scaled to size 14.4pt on input line 134.

Underfull \hbox (badness 6047) in paragraph at lines 167--168
[]\TU/NanumGothic(0)/m/sl/10 R/Bioconductor  NGS    Workflow 10.6(),
 []

[7] [8]
Chapter 2.
File: images/01/r.jpg Graphic file (type bmp)
<images/01/r.jpg>

Underfull \hbox (badness 1009) in paragraph at lines 221--222
\TU/NanumGothic(0)/m/sl/10   . Bell Lab  S   
 []

File: images/01/toplanguage2021.png Graphic file (type bmp)
<images/01/toplanguage2021.png>
File: images/01/rstudio.png Graphic file (type bmp)
<images/01/rstudio.png>

Underfull \hbox (badness 1286) in paragraph at lines 233--234
\TU/NanumGothic(0)/m/sl/10   \TU/lmtt/m/n/10 tidyverse\TU/NanumGothic(0)
/m/sl/10 , \TU/lmtt/m/n/10 ,\TU/NanumGothic(0)/m/sl/10 shiny      

 []

[9

]
File: images/01/rstudiobottom.png Graphic file (type bmp)
<images/01/rstudiobottom.png>

Overfull \hbox (69.04163pt too wide) in paragraph at lines 237--238
 [][] 
 []

LaTeX Font Info:    Font shape `TU/NanumGothic(0)/b/n' will be
(Font)              scaled to size 12.0pt on input line 245.
[10]
File: images/01/01-11.PNG Graphic file (type bmp)
<images/01/01-11.PNG>

Overfull \hbox (31.40723pt too wide) in paragraph at lines 287--288
[] 
 []


Underfull \vbox (badness 10000) has occurred while \output is active []

[11]
Missing character: There is no  in font [lmmono10-regular]:!
Missing character: There is no  in font [lmmono10-regular]:!
Missing character: There is no  in font [lmmono10-regular]:!
Missing character: There is no  in font [lmmono10-regular]:!
Missing character: There is no  in font [lmmono10-regular]:!
Missing character: There is no  in font [lmmono10-regular]:!
File: images/01/01-14.PNG Graphic file (type bmp)
<images/01/01-14.PNG>
[12]
File: images/01/envandhist.png Graphic file (type bmp)
<images/01/envandhist.png>
File: images/01/fileandpackages.png Graphic file (type bmp)
<images/01/fileandpackages.png>
[13]
File: images/01/base-r_1.png Graphic file (type bmp)
<images/01/base-r_1.png>
File: images/01/base-r_2.png Graphic file (type bmp)
<images/01/base-r_2.png>

Overfull \hbox (69.05432pt too wide) in paragraph at lines 419--421
[][]
 []


Overfull \hbox (69.05432pt too wide) in paragraph at lines 419--421
[] 
 []


Underfull \vbox (badness 10000) has occurred while \output is active []

[14]
Underfull \vbox (badness 10000) has occurred while \output is active []

[15]
Underfull \hbox (badness 1571) in paragraph at lines 425--426
\TU/NanumGothic(0)/m/sl/10 R         
 []


Overfull \hbox (0.53336pt too wide) in paragraph at lines 427--428
[]\TU/NanumGothic(0)/m/sl/10    \TU/lmtt/m/n/10 repository\TU/NanumG
othic(0)/m/sl/10      \TU/lmtt/m/n/10 repository\TU/NanumGothic(0)/
m/sl/10 
 []

File: images/01/01-18.PNG Graphic file (type bmp)
<images/01/01-18.PNG>

Underfull \vbox (badness 10000) has occurred while \output is active []

[16]
File: images/01/01-19.PNG Graphic file (type bmp)
<images/01/01-19.PNG>

Underfull \vbox (badness 10000) has occurred while \output is active []

[17]
Underfull \hbox (badness 10000) in paragraph at lines 474--475
[]\TU/NanumGothic(0)/m/sl/10     -- 4.0 
 []

[18]
Chapter 3.
File: images/rmarkdown/rmarkdown-01.PNG Graphic file (type bmp)
<images/rmarkdown/rmarkdown-01.PNG>

Overfull \hbox (31.42506pt too wide) in paragraph at lines 483--484
 [][] 
 []

[19

]
File: images/rmarkdown/how-1-file.png Graphic file (type bmp)
<images/rmarkdown/how-1-file.png>

Overfull \hbox (31.40996pt too wide) in paragraph at lines 494--495
[][] 
 []

File: images/rmarkdown/example2.PNG Graphic file (type bmp)
<images/rmarkdown/example2.PNG>

Overfull \hbox (31.39888pt too wide) in paragraph at lines 512--513
[][] 
 []


Underfull \vbox (badness 1173) has occurred while \output is active []

[20]
File: images/rmarkdown/ex_pdf.PNG Graphic file (type bmp)
<images/rmarkdown/ex_pdf.PNG>
[21]
Underfull \hbox (badness 2221) in paragraph at lines 534--536
[]\TU/lmtt/m/n/10 echo = FALSE \TU/NanumGothic(0)/m/sl/10 :     
 
 []

File: images/rmarkdown/codechunk1.PNG Graphic file (type bmp)
<images/rmarkdown/codechunk1.PNG>

Underfull \hbox (badness 1082) in paragraph at lines 572--573
[]\TU/NanumGothic(0)/m/sl/10 Rmarkdown  r     R   
 []

[22]
LaTeX Font Info:    Font shape `TU/lmtt/bx/n' in size <10> not available
(Font)              Font shape `TU/lmtt/b/n' tried instead on input line 582.
File: images/02/lecticulate.png Graphic file (type bmp)
<images/02/lecticulate.png>
Missing character: There is no  in font [lmmono10-regular]:!
Missing character: There is no  in font [lmmono10-regular]:!
Missing character: There is no  in font [lmmono10-regular]:!
Missing character: There is no  in font [lmmono10-regular]:!
Missing character: There is no  in font [lmmono10-regular]:!
Missing character: There is no  in font [lmmono10-regular]:!
Missing character: There is no  in font [lmmono10-regular]:!
Missing character: There is no  in font [lmmono10-regular]:!
[23]
Missing character: There is no  in font [lmmono10-regular]:!
Missing character: There is no  in font [lmmono10-regular]:!
Missing character: There is no  in font [lmmono10-regular]:!
Missing character: There is no  in font [lmmono10-regular]:!
Missing character: There is no  in font [lmmono10-regular]:!
Missing character: There is no  in font [lmmono10-regular]:!
Missing character: There is no  in font [lmmono10-regular]:!
Missing character: There is no  in font [lmmono10-regular]:!
Missing character: There is no  in font [lmmono10-regular]:!
Missing character: There is no  in font [lmmono10-regular]:!
Missing character: There is no  in font [lmmono10-regular]:!
Missing character: There is no  in font [lmmono10-regular]:!
Missing character: There is no  in font [lmmono10-regular]:!
Missing character: There is no  in font [lmmono10-regular]:!
Missing character: There is no  in font [lmmono10-regular]:!
Missing character: There is no  in font [lmmono10-regular]:!
Missing character: There is no  in font [lmmono10-regular]:!

LaTeX Font Warning: Font shape `TU/NanumGothic(0)/m/it' undefined
(Font)              using `TU/NanumGothic(0)/m/sl' instead on input line 667.

File: images/rmarkdown/000002.png Graphic file (type bmp)
<images/rmarkdown/000002.png>
Missing character: There is no  in font [lmmono10-regular]:!
Missing character: There is no  in font [lmmono10-regular]:!
Missing character: There is no  in font [lmmono10-regular]:!
Missing character: There is no  in font [lmmono10-regular]:!
Missing character: There is no  in font [lmmono10-regular]:!
Missing character: There is no  in font [lmmono10-regular]:!
Missing character: There is no  in font [lmmono10-regular]:!
Missing character: There is no  in font [lmmono10-regular]:!
Missing character: There is no  in font [lmmono10-regular]:!
Missing character: There is no  in font [lmmono10-regular]:!
Missing character: There is no  in font [lmmono10-regular]:!
Missing character: There is no  in font [lmmono10-regular]:!
Missing character: There is no  in font [lmmono10-regular]:!
Missing character: There is no  in font [lmmono10-regular]:!
Missing character: There is no  in font [lmmono10-regular]:!
Missing character: There is no  in font [lmmono10-regular]:!
[24]
Missing character: There is no  in font [lmmono10-regular]:!
Missing character: There is no  in font [lmmono10-regular]:!
Missing character: There is no  in font [lmmono10-regular]:!
Missing character: There is no  in font [lmmono10-regular]:!
Missing character: There is no  in font [lmmono10-regular]:!
Missing character: There is no  in font [lmmono10-regular]:!
Missing character: There is no  in font [lmmono10-regular]:!
Missing character: There is no  in font [lmmono10-regular]:!
Missing character: There is no  in font [lmmono10-regular]:!
Missing character: There is no  in font [lmmono10-regular]:!
Missing character: There is no  in font [lmmono10-regular]:!
Missing character: There is no  in font [lmmono10-regular]:!
Missing character: There is no  in font [lmmono10-regular]:!
Missing character: There is no  in font [lmmono10-regular]:!
Missing character: There is no  in font [lmmono10-regular]:!
Missing character: There is no  in font [lmmono10-regular]:!
Missing character: There is no  in font [lmmono10-regular]:!
Missing character: There is no  in font [lmmono10-regular]:!
Missing character: There is no  in font [lmmono10-regular]:!
Missing character: There is no  in font [lmmono10-regular]:!
Missing character: There is no  in font [lmmono10-regular]:!
Missing character: There is no  in font [lmmono10-regular]:!
Missing character: There is no  in font [lmmono10-regular]:!
Missing character: There is no  in font [lmmono10-regular]:!
File: images/02/style.png Graphic file (type bmp)
<images/02/style.png>

Underfull \vbox (badness 5245) has occurred while \output is active []

[25]
Missing character: There is no  in font [lmmono10-regular]:!
Missing character: There is no  in font [lmmono10-regular]:!
Missing character: There is no  in font [lmmono10-regular]:!
Missing character: There is no  in font [lmmono10-regular]:!

Overfull \hbox (100.39014pt too wide) in paragraph at lines 776--791
 [][] 
 []

Missing character: There is no  in font [lmmono10-regular]:!
Missing character: There is no  in font [lmmono10-regular]:!
Missing character: There is no  in font [lmmono10-regular]:!
Missing character: There is no  in font [lmmono10-regular]:!
Missing character: There is no  in font [lmmono10-regular]:!
Missing character: There is no  in font [lmmono10-regular]:!
Missing character: There is no  in font [lmmono10-regular]:!
Missing character: There is no  in font [lmmono10-regular]:!
[26]
Underfull \hbox (badness 10000) in paragraph at lines 846--847
[]\TU/NanumGothic(0)/m/sl/10     -- 4.0 
 []

[27] [28

]
Chapter 4.
File: images/01/24.PNG Graphic file (type bmp)
<images/01/24.PNG>
[29]
File: images/01/25.PNG Graphic file (type bmp)
<images/01/25.PNG>
Missing character: There is no  in font [lmmono10-regular]:!
Missing character: There is no  in font [lmmono10-regular]:!
Missing character: There is no  in font [lmmono10-regular]:!
Missing character: There is no  in font [lmmono10-regular]:!
Missing character: There is no  in font [lmmono10-regular]:!
Missing character: There is no  in font [lmmono10-regular]:!
Missing character: There is no  in font [lmmono10-regular]:!
Missing character: There is no  in font [lmmono10-regular]:!
Missing character: There is no  in font [lmmono10-regular]:!
Missing character: There is no  in font [lmmono10-regular]:!
Missing character: There is no  in font [lmmono10-regular]:!
Missing character: There is no  in font [lmmono10-regular]:!
Missing character: There is no  in font [lmmono10-regular]:!
[30]
File: images/02/01.png Graphic file (type bmp)
<images/02/01.png>

Underfull \vbox (badness 10000) has occurred while \output is active []

[31]
LaTeX Font Info:    Font shape `TU/NanumGothic(0)/m/n' will be
(Font)              scaled to size 11.99997pt on input line 1018.

Underfull \vbox (badness 2573) has occurred while \output is active []

[32]
Underfull \hbox (badness 1147) in paragraph at lines 1120--1121
\TU/NanumGothic(0)/m/sl/10 numeric         
 []

[33] [34]
Underfull \hbox (badness 6348) in paragraph at lines 1222--1223
\TU/NanumGothic(0)/m/sl/10 Character()       \TU/lmtt/m/n/
10 paste()
 []

[35]
File: images/03/codon_table.png Graphic file (type bmp)
<images/03/codon_table.png>

Underfull \vbox (badness 10000) has occurred while \output is active []

[36] [37] [38]
Underfull \hbox (badness 1314) in paragraph at lines 1402--1403
[]\TU/NanumGothic(0)/m/sl/10  row column     combine  
 []


Underfull \hbox (badness 2134) in paragraph at lines 1422--1424
[]\TU/NanumGothic(0)/m/sl/10 score row   Name1, Name2, , Name10
 []


Overfull \hbox (3.79335pt too wide) in paragraph at lines 1426--1428
[]\TU/NanumGothic(0)/m/sl/10  matrix          \TU/lmtt/m/n
/10 total_score\TU/NanumGothic(0)/m/sl/10 
 []


LaTeX Font Warning: Font shape `TU/lmtt/bx/it' in size <10> not available
(Font)              Font shape `TU/lmtt/b/sl' tried instead on input line 1440.


[39]
Underfull \hbox (badness 1616) in paragraph at lines 1481--1483
[]\TU/lmtt/m/n/10 students\TU/NanumGothic(0)/m/sl/10    Name1, Name2,
 , Name10
 []

Missing character: There is no  in font [lmmono10-regular]:!
File: images/03/05.PNG Graphic file (type bmp)
<images/03/05.PNG>
[40]
File: images/03/06.PNG Graphic file (type bmp)
<images/03/06.PNG>

Underfull \hbox (badness 1024) in paragraph at lines 1536--1537
\TU/NanumGothic(0)/m/sl/10     .  R  
 []


Underfull \hbox (badness 1902) in paragraph at lines 1536--1537
\TU/NanumGothic(0)/m/sl/10     . R base  
 []

[41] [42] [43]
Underfull \hbox (badness 2644) in paragraph at lines 1660--1661
[]\TU/lmtt/m/n/10 mysd\TU/NanumGothic(0)/m/sl/10   ()   \TU/l
mtt/m/n/10 myscript.R \TU/NanumGothic(0)/m/sl/10 
 []


Underfull \hbox (badness 1142) in paragraph at lines 1702--1703
\TU/NanumGothic(0)/m/sl/10          
 []

[44] [45] [46]
File: images/04/01.PNG Graphic file (type bmp)
<images/04/01.PNG>
[47]
Missing character: There is no  in font [lmmono10-regular]:!
Missing character: There is no  in font [lmmono10-regular]:!
Missing character: There is no  in font [lmmono10-regular]:!
Missing character: There is no  in font [lmmono10-regular]:!
Missing character: There is no  in font [lmmono10-regular]:!
Missing character: There is no  in font [lmmono10-regular]:!
Missing character: There is no  in font [lmmono10-regular]:!
Missing character: There is no  in font [lmmono10-regular]:!
Missing character: There is no  in font [lmmono10-regular]:!
Missing character: There is no  in font [lmmono10-regular]:!

Underfull \hbox (badness 1142) in paragraph at lines 1894--1895
\TU/NanumGothic(0)/m/sl/10          
 []

Missing character: There is no  in font [lmmono10-italic]:!
Missing character: There is no  in font [lmmono10-italic]:!
Missing character: There is no  in font [lmmono10-italic]:!
Missing character: There is no  in font [lmmono10-italic]:!
Missing character: There is no  in font [lmmono10-italic]:!
Missing character: There is no  in font [lmmono10-italic]:!
Missing character: There is no  in font [lmmono10-italic]:!
Missing character: There is no  in font [lmmono10-italic]:!
Missing character: There is no  in font [lmmono10-italic]:!
Missing character: There is no  in font [lmmono10-italic]:!
Missing character: There is no  in font [lmmono10-italic]:!
Missing character: There is no  in font [lmmono10-italic]:!
[48] [49]
Missing character: There is no  in font [lmmono10-regular]:!
Missing character: There is no  in font [lmmono10-regular]:!
Missing character: There is no  in font [lmmono10-regular]:!
Missing character: There is no  in font [lmmono10-regular]:!
Missing character: There is no  in font [lmmono10-regular]:!
Missing character: There is no  in font [lmmono10-regular]:!
Missing character: There is no  in font [lmmono10-regular]:!
Missing character: There is no  in font [lmmono10-regular]:!

Underfull \hbox (badness 1009) in paragraph at lines 2041--2042
\TU/NanumGothic(0)/m/sl/10  . \TU/lmtt/m/n/10 S3\TU/NanumGothic(0)/m/sl
/10 , \TU/lmtt/m/n/10 S4\TU/NanumGothic(0)/m/sl/10 ,  \TU/lmtt/m/n/10 Refere
nce class \TU/NanumGothic(0)/m/sl/10   \TU/lmtt/m/n/10 S3\TU/NanumGothic(0)
/m/sl/10 , \TU/lmtt/m/n/10 S4\TU/NanumGothic(0)/m/sl/10 
 []


Underfull \hbox (badness 10000) in paragraph at lines 2045--2046
[]\TU/NanumGothic(0)/m/sl/10     -- 4.0 
 []

[50]
Chapter 5.

Underfull \hbox (badness 1789) in paragraph at lines 2069--2070
\TU/NanumGothic(0)/m/sl/10   .      
 []


Underfull \vbox (badness 10000) has occurred while \output is active []

[51

] [52]
Underfull \hbox (badness 1616) in paragraph at lines 2125--2126
[]\TU/NanumGothic(0)/m/sl/10 Dataset_S1_sub.txt     header , 

 []

LaTeX Font Info:    Font shape `TU/NanumGothic(0)/m/n' will be
(Font)              scaled to size 7.0pt on input line 2156.
LaTeX Font Info:    Font shape `TU/NanumGothic(0)/m/n' will be
(Font)              scaled to size 5.0pt on input line 2156.
File: images/04/excelfile01.PNG Graphic file (type bmp)
<images/04/excelfile01.PNG>

Underfull \vbox (badness 10000) has occurred while \output is active []

[53] [54]
Overfull \hbox (0.15335pt too wide) in paragraph at lines 2204--2205
[]\TU/NanumGothic(0)/m/sl/10 airquality  \TU/lmtt/m/n/10 Temp\TU/NanumGoth
ic(0)/m/sl/10  \TU/lmtt/m/n/10 Ozone \TU/NanumGothic(0)/m/sl/10   df 
 \TU/lmtt/m/n/10 data.frame\TU/NanumGothic(0)/m/sl/10 
 []

[55] [56]
Underfull \hbox (badness 2205) in paragraph at lines 2298--2299
\TU/NanumGothic(0)/m/sl/10     .     
 []


Underfull \hbox (badness 2662) in paragraph at lines 2311--2312
\TU/NanumGothic(0)/m/sl/10   .   \TU/lmtt/m/n/10 dwt \TU/Nanu
mGothic(0)/m/sl/10 ( ) 
 []


Overfull \vbox (2.12997pt too high) detected at line 2340
 []

[57]
Missing character: There is no  in font [lmmonolt10-boldoblique]:!
Missing character: There is no  in font [lmmonolt10-boldoblique]:!
[58]
Underfull \vbox (badness 10000) has occurred while \output is active []

[59]
Underfull \hbox (badness 1735) in paragraph at lines 2447--2448
[]\TU/NanumGothic(0)/m/sl/10 state.abb        
 []

File: images/07/01.png Graphic file (type bmp)
<images/07/01.png>

Underfull \vbox (badness 10000) has occurred while \output is active []

[60] [61]
Underfull \hbox (badness 1097) in paragraph at lines 2547--2548
[]\TU/NanumGothic(0)/m/sl/10    \TU/lmtt/m/n/10 airquality \TU/NanumG
othic(0)/m/sl/10    . 
 []

[62]
Overfull \hbox (10.88335pt too wide) in paragraph at lines 2587--2588
[]\TU/NanumGothic(0)/m/sl/10      \TU/lmtt/m/n/10 air_means \TU
/NanumGothic(0)/m/sl/10   \TU/lmtt/m/n/10 data.frame\TU/NanumGothic(0)/m/s
l/10 
 []


Overfull \hbox (285.0pt too wide) in paragraph at lines 2601--2601
[]\TU/lmtt/m/n/10 myexp <- read.csv("https://github.com/greendaygh/kribbr2022/r
aw/main/examples/gse93819_expression_values.csv", header=T)[] 
 []


Overfull \hbox (4.15668pt too wide) in paragraph at lines 2611--2613
[]\TU/NanumGothic(0)/m/sl/10 myexp1mean myexp2mean  myexpmean data.fram
e
 []


Underfull \hbox (badness 10000) in paragraph at lines 2622--2623
[]\TU/NanumGothic(0)/m/sl/10     -- 4.0 
 []

[63] [64]
Chapter 6.
Missing character: There is no  in font [lmmono10-regular]:!
Missing character: There is no  in font [lmmono10-regular]:!
Missing character: There is no  in font [lmmono10-regular]:!
Missing character: There is no  in font [lmmono10-regular]:!
Missing character: There is no  in font [lmmono10-regular]:!
Missing character: There is no  in font [lmmono10-regular]:!
Missing character: There is no  in font [lmmono10-regular]:!
Missing character: There is no  in font [lmmono10-regular]:!
Missing character: There is no  in font [lmmono10-regular]:!
Missing character: There is no  in font [lmmono10-regular]:!
Missing character: There is no  in font [lmmono10-regular]:!
Missing character: There is no  in font [lmmono10-regular]:!
Missing character: There is no  in font [lmmono10-regular]:!
[65

] [66] [67] [68] [69] [70] [71] [72]
Missing character: There is no  in font [lmmonolt10-boldoblique]:!
Missing character: There is no  in font [lmmonolt10-boldoblique]:!
[73] [74

]
Chapter 7.

Underfull \hbox (badness 5288) in paragraph at lines 3333--3334
[]\TU/NanumGothic(0)/m/sl/10    \TU/lmtt/m/n/10 formula\TU/NanumGothic(
0)/m/sl/10   plot   
 []


Underfull \hbox (badness 1831) in paragraph at lines 3333--3334
\TU/lmtt/m/n/10 formula \TU/NanumGothic(0)/m/sl/10   plot.formula  
 x, y  
 []


Underfull \hbox (badness 2096) in paragraph at lines 3333--3334
\TU/NanumGothic(0)/m/sl/10       \TU/lmtt/m/n/10 Generic functi
on \TU/NanumGothic(0)/m/sl/10  .
 []


Overfull \hbox (3.85225pt too wide) in paragraph at lines 3346--3347
\TU/lmtt/m/n/10 hist \TU/NanumGothic(0)/m/sl/10      
. 
 []

[75]
Underfull \hbox (badness 4193) in paragraph at lines 3390--3391
[]\TU/NanumGothic(0)/m/sl/10 data.frame    boxplot    
 []

[76]
Underfull \hbox (badness 1184) in paragraph at lines 3448--3449
\TU/NanumGothic(0)/m/sl/10    high level function low level function
 (\TU/lmtt/m/n/10 lines\TU/NanumGothic(0)/m/sl/10 ,
 []


Underfull \hbox (badness 1137) in paragraph at lines 3448--3449
\TU/NanumGothic(0)/m/sl/10  .    \TU/lmtt/m/n/10 ggplot2 \TU/Nanum
Gothic(0)/m/sl/10    
 []

[77]
File: images/05/01.png Graphic file (type bmp)
<images/05/01.png>

Underfull \vbox (badness 10000) has occurred while \output is active []

[78]
Underfull \vbox (badness 10000) has occurred while \output is active []

[79] [80]
Underfull \hbox (badness 1735) in paragraph at lines 3588--3589
[]\TU/NanumGothic(0)/m/sl/10 state.abb        
 []


Underfull \hbox (badness 10000) in paragraph at lines 3610--3611
[]\TU/NanumGothic(0)/m/sl/10     -- 4.0 
 []

[81] [82

]
Chapter 8.
File: images/07/tidyverse.JPG Graphic file (type bmp)
<images/07/tidyverse.JPG>

Overfull \hbox (69.05318pt too wide) in paragraph at lines 3617--3618
[][] 
 []

File: images/07/data-science.png Graphic file (type bmp)
<images/07/data-science.png>
[83] [84]

LaTeX Font Warning: Font shape `TU/NanumGothic(0)/m/it' undefined
(Font)              using `TU/NanumGothic(0)/m/sl' instead on input line 3697.


Underfull \hbox (badness 2698) in paragraph at lines 3697--3698
\TU/NanumGothic(0)/m/sl/10          
 []

File: images/07/notidy.JPG Graphic file (type bmp)
<images/07/notidy.JPG>
File: images/07/tidy-1.png Graphic file (type bmp)
<images/07/tidy-1.png>

Overfull \hbox (106.68639pt too wide) in paragraph at lines 3715--3716
 [][] 
 []

File: images/07/05.png Graphic file (type bmp)
<images/07/05.png>

Underfull \vbox (badness 2635) has occurred while \output is active []

[85]
File: images/07/06.png Graphic file (type bmp)
<images/07/06.png>

Underfull \vbox (badness 10000) has occurred while \output is active []

[86] [87]
File: images/07/02.PNG Graphic file (type bmp)
<images/07/02.PNG>

Overfull \hbox (31.41504pt too wide) in paragraph at lines 3745--3746
[][] 
 []


Underfull \hbox (badness 3333) in paragraph at lines 3783--3785
[]\TU/NanumGothic(0)/m/sl/10 pipe operator  \TU/lmtt/m/n/10 airquality\TU/
NanumGothic(0)/m/sl/10  long 
 []


Underfull \hbox (badness 10000) in paragraph at lines 3783--3785

 []


Overfull \hbox (0.78003pt too wide) in paragraph at lines 3785--3786
[]\TU/NanumGothic(0)/m/sl/10 pipe operator  \TU/lmtt/m/n/10 airquality\TU/
NanumGothic(0)/m/sl/10  Month Day ()
 []

[88]
Overfull \hbox (12.71669pt too wide) in paragraph at lines 3791--3792
\TU/NanumGothic(0)/m/sl/10  \TU/lmtt/m/n/10 tidyverse \TU/NanumGothic(0)/m/
sl/10   \TU/lmtt/m/n/10 tidyr \TU/NanumGothic(0)/m/sl/10  \TU/lmtt/m/
n/10 pivot_longer\TU/NanumGothic(0)/m/sl/10  \TU/lmtt/m/n/10 pivot_wider\TU/Na
numGothic(0)/m/sl/10 
 []

File: images/07/wide2long.JPG Graphic file (type bmp)
<images/07/wide2long.JPG>
[89]
Underfull \hbox (badness 10000) in paragraph at lines 3850--3852

 []


Underfull \hbox (badness 2671) in paragraph at lines 3867--3868
[]\TU/NanumGothic(0)/m/sl/10  gse93819   myexpmean data.frame long 

 []


Underfull \vbox (badness 10000) has occurred while \output is active []

[90] [91]
Underfull \hbox (badness 4595) in paragraph at lines 3919--3920
[]\TU/NanumGothic(0)/m/sl/10   ( \TU/lmtt/m/n/10 filter\TU/NanumGothic(0
)/m/sl/10 , \TU/lmtt/m/n/10 select\TU/NanumGothic(0)/m/sl/10 , \TU/lmtt/m/n/10 
mutate\TU/NanumGothic(0)/m/sl/10 , \TU/lmtt/m/n/10 summarise\TU/NanumGothic(0)/
m/sl/10 ) 
 []


Underfull \hbox (badness 1742) in paragraph at lines 3956--3957
\TU/lmtt/m/n/10 select() \TU/NanumGothic(0)/m/sl/10      (co
lumn) 
 []

[92]
File: images/07/03.png Graphic file (type bmp)
<images/07/03.png>

Overfull \hbox (31.42004pt too wide) in paragraph at lines 4029--4030
[][] 
 []


Underfull \vbox (badness 10000) has occurred while \output is active []

[93]
Underfull \hbox (badness 3907) in paragraph at lines 4053--4054
\TU/lmtt/m/n/10 mutate() \TU/NanumGothic(0)/m/sl/10        
 
 []

[94]
Missing character: There is no  in font [lmmono10-regular]:!
Missing character: There is no  in font [lmmono10-regular]:!
Missing character: There is no  in font [lmmono10-regular]:!
Missing character: There is no  in font [lmmono10-regular]:!
Missing character: There is no  in font [lmmono10-regular]:!
Missing character: There is no  in font [lmmono10-regular]:!
Missing character: There is no  in font [lmmono10-regular]:!
Missing character: There is no  in font [lmmono10-regular]:!
Missing character: There is no  in font [lmmono10-regular]:!
Missing character: There is no  in font [lmmono10-regular]:!
Missing character: There is no  in font [lmmono10-regular]:!
Missing character: There is no  in font [lmmono10-regular]:!
Missing character: There is no  in font [lmmono10-regular]:!
Missing character: There is no  in font [lmmono10-regular]:!
Missing character: There is no  in font [lmmono10-regular]:!
Missing character: There is no  in font [lmmono10-regular]:!
Missing character: There is no  in font [lmmono10-regular]:!
Missing character: There is no  in font [lmmono10-regular]:!
Missing character: There is no  in font [lmmono10-regular]:!
Missing character: There is no  in font [lmmono10-regular]:!
Missing character: There is no  in font [lmmono10-regular]:!
Missing character: There is no  in font [lmmono10-regular]:!
Missing character: There is no  in font [lmmono10-regular]:!
Missing character: There is no  in font [lmmono10-regular]:!
Missing character: There is no  in font [lmmono10-regular]:!
Missing character: There is no  in font [lmmono10-regular]:!
Missing character: There is no  in font [lmmono10-regular]:!
Missing character: There is no  in font [lmmono10-regular]:!
Missing character: There is no  in font [lmmono10-regular]:!
Missing character: There is no  in font [lmmono10-regular]:!
Missing character: There is no  in font [lmmono10-regular]:!
Missing character: There is no  in font [lmmono10-regular]:!
Missing character: There is no  in font [lmmono10-regular]:!
Missing character: There is no  in font [lmmono10-regular]:!
Missing character: There is no  in font [lmmono10-regular]:!
Missing character: There is no  in font [lmmono10-regular]:!
Missing character: There is no  in font [lmmono10-regular]:!
Missing character: There is no  in font [lmmono10-regular]:!
Missing character: There is no  in font [lmmono10-regular]:!
Missing character: There is no  in font [lmmono10-regular]:!
Missing character: There is no  in font [lmmono10-regular]:!
Missing character: There is no  in font [lmmono10-regular]:!
Missing character: There is no  in font [lmmono10-regular]:!
Missing character: There is no  in font [lmmono10-regular]:!

Underfull \vbox (badness 10000) has occurred while \output is active []

[95]
Underfull \hbox (badness 1102) in paragraph at lines 4118--4119
\TU/NanumGothic(0)/m/sl/10    \TU/lmtt/m/n/10 function(x)... \TU/NanumG
othic(0)/m/sl/10    . 
 []


Underfull \hbox (badness 1565) in paragraph at lines 4140--4141
\TU/NanumGothic(0)/m/sl/10   . \TU/lmtt/m/n/10 iris \TU/NanumGoth
ic(0)/m/sl/10   Species 
 []


Underfull \hbox (badness 1033) in paragraph at lines 4140--4141
\TU/NanumGothic(0)/m/sl/10          .
 []

File: images/08/Rplot01.png Graphic file (type bmp)
<images/08/Rplot01.png>

Overfull \hbox (31.40955pt too wide) in paragraph at lines 4164--4165
[][] 
 []


Underfull \vbox (badness 10000) has occurred while \output is active []

[96] [97]
File: images/08/00002e.png Graphic file (type bmp)
<images/08/00002e.png>

Underfull \hbox (badness 2460) in paragraph at lines 4218--4219
[]\TU/NanumGothic(0)/m/sl/10 airquality       .
 []


Overfull \vbox (1.87556pt too high) detected at line 4231
 []

[98]
File: images/08/Rplot02.png Graphic file (type bmp)
<images/08/Rplot02.png>

Overfull \hbox (31.42052pt too wide) in paragraph at lines 4233--4234
[][] 
 []


Overfull \hbox (285.0pt too wide) in paragraph at lines 4246--4246
[]\TU/lmtt/m/n/10 myexp <- read.csv("https://github.com/greendaygh/kribbr2022/r
aw/main/examples/gse93819_expression_values.csv", header=T)[] 
 []


Underfull \hbox (badness 10000) in paragraph at lines 4278--4279
[]\TU/NanumGothic(0)/m/sl/10     -- 4.0 
 []

[99] [100

]
Chapter 9.
[101]
Underfull \vbox (badness 10000) has occurred while \output is active []

[102]
Missing character: There is no  in font [lmmono10-italic]:!
Missing character: There is no  in font [lmmono10-italic]:!
Missing character: There is no  in font [lmmono10-italic]:!
Missing character: There is no  in font [lmmono10-italic]:!
Missing character: There is no  in font [lmmono10-italic]:!
Missing character: There is no  in font [lmmono10-italic]:!
[103] [104] [105]
Underfull \vbox (badness 10000) detected at line 4685
 []


Underfull \vbox (badness 6461) has occurred while \output is active []

[106] [107] [108] [109] [110

]
Chapter 10.
[111] [112]
Overfull \hbox (180.0pt too wide) in paragraph at lines 4990--4990
[]\TU/lmtt/m/n/10 https://raw.githubusercontent.com/greendaygh/kribbr2022/main/
examples/gse93819_expression_values.csv[] 
 []

Missing character: There is no  in font [lmmono10-regular]:!
Missing character: There is no  in font [lmmono10-regular]:!
Missing character: There is no  in font [lmmono10-regular]:!
Missing character: There is no  in font [lmmono10-regular]:!
Missing character: There is no  in font [lmmono10-regular]:!
Missing character: There is no  in font [lmmono10-regular]:!
Missing character: There is no  in font [lmmono10-regular]:!
Missing character: There is no  in font [lmmono10-regular]:!
Missing character: There is no  in font [lmmono10-regular]:!
Missing character: There is no  in font [lmmono10-regular]:!
Missing character: There is no  in font [lmmono10-regular]:!
Missing character: There is no  in font [lmmono10-regular]:!
Missing character: There is no  in font [lmmono10-regular]:!
Missing character: There is no  in font [lmmono10-regular]:!
Missing character: There is no  in font [lmmono10-regular]:!
Missing character: There is no  in font [lmmono10-regular]:!
Missing character: There is no  in font [lmmono10-regular]:!
Missing character: There is no  in font [lmmono10-regular]:!
Missing character: There is no  in font [lmmono10-regular]:!
Missing character: There is no  in font [lmmono10-regular]:!
Missing character: There is no  in font [lmmono10-regular]:!
Missing character: There is no  in font [lmmono10-regular]:!
Missing character: There is no  in font [lmmono10-regular]:!
Missing character: There is no  in font [lmmono10-regular]:!
Missing character: There is no  in font [lmmono10-regular]:!
Missing character: There is no  in font [lmmono10-regular]:!
Missing character: There is no  in font [lmmono10-regular]:!
Missing character: There is no  in font [lmmono10-regular]:!
Missing character: There is no  in font [lmmono10-regular]:!
Missing character: There is no  in font [lmmono10-regular]:!
Missing character: There is no  in font [lmmono10-regular]:!
Missing character: There is no  in font [lmmono10-regular]:!
Missing character: There is no  in font [lmmono10-regular]:!
Missing character: There is no  in font [lmmono10-regular]:!
Missing character: There is no  in font [lmmono10-regular]:!
Missing character: There is no  in font [lmmono10-regular]:!
Missing character: There is no  in font [lmmono10-regular]:!

Overfull \vbox (0.84995pt too high) detected at line 5048
 []

[113] [114]
Overfull \vbox (1.78995pt too high) detected at line 5178
 []

[115] [116] [117] [118]
Chapter 11.

Underfull \hbox (badness 1975) in paragraph at lines 5376--5377
\TU/NanumGothic(0)/m/sl/10 . raw       
 []

[119

]
Underfull \hbox (badness 3815) in paragraph at lines 5422--5423
[]\TU/NanumGothic(0)/m/sl/10 ggplot    x, y     
 []


Underfull \hbox (badness 3579) in paragraph at lines 5422--5423
\TU/NanumGothic(0)/m/sl/10 (,  )     
 []


Underfull \hbox (badness 4765) in paragraph at lines 5433--5434
[]\TU/lmtt/m/n/10 geom_point()\TU/NanumGothic(0)/m/sl/10      \TU/l
mtt/m/n/10 data\TU/NanumGothic(0)/m/sl/10 , \TU/lmtt/m/n/10 mapping\TU/NanumGot
hic(0)/m/sl/10 , \TU/lmtt/m/n/10 stat \TU/NanumGothic(0)/m/sl/10 
 []

[120]
Underfull \hbox (badness 4441) in paragraph at lines 5469--5470
\TU/NanumGothic(0)/m/sl/10         .
 []


Underfull \hbox (badness 1231) in paragraph at lines 5493--5494
\TU/NanumGothic(0)/m/sl/10     \TU/lmtt/m/n/10 Error: stat_count() mus
t not be used with a y
 []

[121] [122]
Underfull \hbox (badness 7704) in paragraph at lines 5617--5618
[]\TU/NanumGothic(0)/m/sl/10  fill  geom_bar  geom_point  
 []

[123] [124]
Underfull \hbox (badness 1997) in paragraph at lines 5677--5678
\TU/NanumGothic(0)/m/sl/10   mapping       
 []


Underfull \vbox (badness 10000) has occurred while \output is active []

[125]
Underfull \hbox (badness 1354) in paragraph at lines 5739--5740
\TU/NanumGothic(0)/m/sl/10     .   
 []

[126]
Underfull \hbox (badness 4391) in paragraph at lines 5748--5749
\TU/NanumGothic(0)/m/sl/10        \TU/lmtt/m/n/10 position
="dodge"\TU/NanumGothic(0)/m/sl/10 
 []


Underfull \hbox (badness 1383) in paragraph at lines 5780--5781
\TU/lmtt/m/n/10 facet_grid()\TU/NanumGothic(0)/m/sl/10        
  .
 []


Underfull \hbox (badness 4739) in paragraph at lines 5791--5792
[]\TU/NanumGothic(0)/m/sl/10       x, y    
 []

[127]
Underfull \hbox (badness 1694) in paragraph at lines 5802--5803
[]\TU/NanumGothic(0)/m/sl/10  mycate Species     facet  
 []


Underfull \hbox (badness 1342) in paragraph at lines 5833--5834
\TU/lmtt/m/n/10 Orange \TU/NanumGothic(0)/m/sl/10       (a
ge-days) 
 []

File: 07-ggplot_files/figure-latex/unnamed-chunk-35-1.pdf Graphic file (type pd
f)
<use 07-ggplot_files/figure-latex/unnamed-chunk-35-1.pdf>

Underfull \vbox (badness 10000) has occurred while \output is active []

[128]
File: 07-ggplot_files/figure-latex/unnamed-chunk-36-1.pdf Graphic file (type pd
f)
<use 07-ggplot_files/figure-latex/unnamed-chunk-36-1.pdf>
File: 07-ggplot_files/figure-latex/unnamed-chunk-37-1.pdf Graphic file (type pd
f)
<use 07-ggplot_files/figure-latex/unnamed-chunk-37-1.pdf>
[129]
File: 07-ggplot_files/figure-latex/unnamed-chunk-38-1.pdf Graphic file (type pd
f)
<use 07-ggplot_files/figure-latex/unnamed-chunk-38-1.pdf>
[130]
Overfull \hbox (9.45224pt too wide) in paragraph at lines 5888--5889
\TU/NanumGothic(0)/m/sl/10   title .  \TU/lmtt/m/n/10 ggplot \TU
/NanumGothic(0)/m/sl/10  \TU/lmtt/m/n/10 aes(fill=bloodtype)\TU/NanumGothic
(0)/m/sl/10 
 []


Underfull \hbox (badness 3758) in paragraph at lines 5888--5889
\TU/NanumGothic(0)/m/sl/10   title \TU/lmtt/m/n/10 fill="Blood types
"\TU/NanumGothic(0)/m/sl/10    
 []


Underfull \hbox (badness 1210) in paragraph at lines 5888--5889
\TU/lmtt/m/n/10 aes(color=bloodtype)\TU/NanumGothic(0)/m/sl/10    \T
U/lmtt/m/n/10 color="Blood types"\TU/NanumGothic(0)/m/sl/10 
 []


Overfull \hbox (21.6689pt too wide) in paragraph at lines 5888--5889
\TU/NanumGothic(0)/m/sl/10 .   label     \TU/lmtt/m/n/1
0 scale_fill_discrete
 []


Underfull \hbox (badness 2293) in paragraph at lines 5898--5899
\TU/NanumGothic(0)/m/sl/10   .  mapping   
 []

[131]
Underfull \hbox (badness 1728) in paragraph at lines 5962--5963
\TU/lmtt/m/n/10 scale_<aesthetic>_<type> \TU/NanumGothic(0)/m/sl/10  \TU/lmtt
/m/n/10 <aesthetic>\TU/NanumGothic(0)/m/sl/10  \TU/lmtt/m/n/10 <type>\TU/Nanum
Gothic(0)/m/sl/10   (
 []

[132]
Underfull \hbox (badness 10000) in paragraph at lines 5983--5984
[]\TU/NanumGothic(0)/m/sl/10      \TU/lmtt/m/n/10 aes(fill=bloodtyp
e)\TU/NanumGothic(0)/m/sl/10  
 []


Underfull \hbox (badness 10000) in paragraph at lines 5983--5984
\TU/lmtt/m/n/10 scale_fill_viridis_d\TU/NanumGothic(0)/m/sl/10    \TU/l
mtt/m/n/10 aes(color=bloodtype)\TU/NanumGothic(0)/m/sl/10 
 []


Overfull \hbox (11.31668pt too wide) in paragraph at lines 5994--5995
[]\TU/NanumGothic(0)/m/sl/10   x        \TU/lmtt/m/n
/10 scale_x_log10()
 []

[133]
File: images/06/ex6-4-2.png Graphic file (type bmp)
<images/06/ex6-4-2.png>

Underfull \hbox (badness 1472) in paragraph at lines 6033--6034
[]\TU/NanumGothic(0)/m/sl/10    /    
 []

File: images/06/ex6-4-4.png Graphic file (type bmp)
<images/06/ex6-4-4.png>

Underfull \vbox (badness 10000) has occurred while \output is active []

[134]
Underfull \hbox (badness 1742) in paragraph at lines 6043--6044
\TU/NanumGothic(0)/m/sl/10 ,  title  \TU/lmtt/m/n/10 name=element_bla
nk()\TU/NanumGothic(0)/m/sl/10 , Title 
 []

File: images/06/ex6-4-5.png Graphic file (type bmp)
<images/06/ex6-4-5.png>

Underfull \vbox (badness 10000) has occurred while \output is active []

[135] [136]
Chapter 12.

Underfull \hbox (badness 1142) in paragraph at lines 6051--6052
\TU/NanumGothic(0)/m/sl/10          
 []

File: images/10/000013.png Graphic file (type bmp)
<images/10/000013.png>

Underfull \vbox (badness 10000) has occurred while \output is active []

[137

]
Underfull \vbox (badness 10000) detected at line 6113
 []


Underfull \vbox (badness 10000) has occurred while \output is active []

[138]
File: images/10/000049.png Graphic file (type bmp)
<images/10/000049.png>
[139]
File: images/10/00000e.png Graphic file (type bmp)
<images/10/00000e.png>
[140]
File: images/10/00000b.png Graphic file (type bmp)
<images/10/00000b.png>
[141]
File: images/10/000002.png Graphic file (type bmp)
<images/10/000002.png>
[142]
File: images/10/000008.png Graphic file (type bmp)
<images/10/000008.png>
[143]
File: images/10/000009a.png Graphic file (type bmp)
<images/10/000009a.png>
[144]
File: images/10/000006.png Graphic file (type bmp)
<images/10/000006.png>
File: images/10/000003.png Graphic file (type bmp)
<images/10/000003.png>

Underfull \vbox (badness 10000) has occurred while \output is active []

[145] [146]
File: images/10/00000a.png Graphic file (type bmp)
<images/10/00000a.png>
File: images/10/000046.png Graphic file (type bmp)
<images/10/000046.png>

Underfull \vbox (badness 10000) has occurred while \output is active []

[147]
File: images/10/000005.png Graphic file (type bmp)
<images/10/000005.png>

Underfull \vbox (badness 10000) has occurred while \output is active []

[148]
File: images/10/000004.png Graphic file (type bmp)
<images/10/000004.png>

Underfull \vbox (badness 10000) has occurred while \output is active []

[149]
Underfull \hbox (badness 10000) in paragraph at lines 6482--6483
[]\TU/NanumGothic(0)/m/sl/10     -- 4.0 
 []

No file kribbr2022.bbl.
Package atveryend Info: Empty hook `BeforeClearDocument' on input line 6486.
[150]
Package atveryend Info: Empty hook `AfterLastShipout' on input line 6486.
(./kribbr2022.aux)
Package atveryend Info: Empty hook `AtVeryEndDocument' on input line 6486.
Package atveryend Info: Empty hook `AtEndAfterFileList' on input line 6486.

LaTeX Font Warning: Some font shapes were not available, defaults substituted.

 ) 
Here is how much of TeX's memory you used:
 19618 strings out of 479819
 345456 string characters out of 5895846
 782165 words of memory out of 5000000
 36392 multiletter control sequences out of 15000+600000
 538893 words of font info for 90 fonts, out of 8000000 for 9000
 1348 hyphenation exceptions out of 8191
 58i,8n,118p,809b,557s stack positions out of 5000i,500n,10000p,200000b,80000s

Output written on kribbr2022.pdf (150 pages).
